[0.181s] DEBUG:colcon:Command line arguments: ['/usr/bin/colcon', 'build', '--symlink-install']
[0.181s] DEBUG:colcon:Parsed command line arguments: Namespace(log_base=None, log_level=None, verb_name='build', build_base='build', install_base='install', merge_install=False, symlink_install=True, test_result_base=None, continue_on_error=False, executor='parallel', parallel_workers=8, event_handlers=None, ignore_user_meta=False, metas=['./colcon.meta'], base_paths=['.'], packages_ignore=None, packages_ignore_regex=None, paths=None, packages_up_to=None, packages_up_to_regex=None, packages_above=None, packages_above_and_dependencies=None, packages_above_depth=None, packages_select_by_dep=None, packages_skip_by_dep=None, packages_skip_up_to=None, packages_select_build_failed=False, packages_skip_build_finished=False, packages_select_test_failures=False, packages_skip_test_passed=False, packages_select=None, packages_skip=None, packages_select_regex=None, packages_skip_regex=None, packages_start=None, packages_end=None, allow_overriding=[], cmake_args=None, cmake_target=None, cmake_target_skip_unavailable=False, cmake_clean_cache=False, cmake_clean_first=False, cmake_force_configure=False, ament_cmake_args=None, catkin_cmake_args=None, catkin_skip_building_tests=False, mixin_files=None, mixin=None, verb_parser=<colcon_mixin.mixin.mixin_argument.MixinArgumentDecorator object at 0x7b4ce096faa0>, verb_extension=<colcon_core.verb.build.BuildVerb object at 0x7b4ce13ad5e0>, main=<bound method BuildVerb.main of <colcon_core.verb.build.BuildVerb object at 0x7b4ce13ad5e0>>, mixin_verb=('build',))
[0.248s] Level 1:colcon.colcon_core.package_discovery:discover_packages(colcon_meta) check parameters
[0.248s] Level 1:colcon.colcon_core.package_discovery:discover_packages(recursive) check parameters
[0.248s] Level 1:colcon.colcon_core.package_discovery:discover_packages(ignore) check parameters
[0.248s] Level 1:colcon.colcon_core.package_discovery:discover_packages(path) check parameters
[0.248s] Level 1:colcon.colcon_core.package_discovery:discover_packages(colcon_meta) discover
[0.248s] Level 1:colcon.colcon_core.package_discovery:discover_packages(recursive) discover
[0.248s] INFO:colcon.colcon_core.package_discovery:Crawling recursively for packages in '/home/DATA/DATN/ros_ws'
[0.248s] Level 1:colcon.colcon_core.package_identification:_identify(.) by extensions ['ignore', 'ignore_ament_install']
[0.249s] Level 1:colcon.colcon_core.package_identification:_identify(.) by extension 'ignore'
[0.249s] Level 1:colcon.colcon_core.package_identification:_identify(.) by extension 'ignore_ament_install'
[0.249s] Level 1:colcon.colcon_core.package_identification:_identify(.) by extensions ['colcon_pkg']
[0.249s] Level 1:colcon.colcon_core.package_identification:_identify(.) by extension 'colcon_pkg'
[0.249s] Level 1:colcon.colcon_core.package_identification:_identify(.) by extensions ['colcon_meta']
[0.249s] Level 1:colcon.colcon_core.package_identification:_identify(.) by extension 'colcon_meta'
[0.249s] Level 1:colcon.colcon_core.package_identification:_identify(.) by extensions ['ros']
[0.249s] Level 1:colcon.colcon_core.package_identification:_identify(.) by extension 'ros'
[0.279s] Level 1:colcon.colcon_core.package_identification:_identify(.) by extensions ['cmake', 'python']
[0.279s] Level 1:colcon.colcon_core.package_identification:_identify(.) by extension 'cmake'
[0.279s] Level 1:colcon.colcon_core.package_identification:_identify(.) by extension 'python'
[0.279s] Level 1:colcon.colcon_core.package_identification:_identify(.) by extensions ['python_setup_py']
[0.279s] Level 1:colcon.colcon_core.package_identification:_identify(.) by extension 'python_setup_py'
[0.279s] Level 1:colcon.colcon_core.package_identification:_identify(build) by extensions ['ignore', 'ignore_ament_install']
[0.280s] Level 1:colcon.colcon_core.package_identification:_identify(build) by extension 'ignore'
[0.280s] Level 1:colcon.colcon_core.package_identification:_identify(build) ignored
[0.280s] Level 1:colcon.colcon_core.package_identification:_identify(install) by extensions ['ignore', 'ignore_ament_install']
[0.280s] Level 1:colcon.colcon_core.package_identification:_identify(install) by extension 'ignore'
[0.280s] Level 1:colcon.colcon_core.package_identification:_identify(install) ignored
[0.280s] Level 1:colcon.colcon_core.package_identification:_identify(log) by extensions ['ignore', 'ignore_ament_install']
[0.280s] Level 1:colcon.colcon_core.package_identification:_identify(log) by extension 'ignore'
[0.280s] Level 1:colcon.colcon_core.package_identification:_identify(log) ignored
[0.280s] Level 1:colcon.colcon_core.package_identification:_identify(src) by extensions ['ignore', 'ignore_ament_install']
[0.280s] Level 1:colcon.colcon_core.package_identification:_identify(src) by extension 'ignore'
[0.280s] Level 1:colcon.colcon_core.package_identification:_identify(src) by extension 'ignore_ament_install'
[0.280s] Level 1:colcon.colcon_core.package_identification:_identify(src) by extensions ['colcon_pkg']
[0.281s] Level 1:colcon.colcon_core.package_identification:_identify(src) by extension 'colcon_pkg'
[0.281s] Level 1:colcon.colcon_core.package_identification:_identify(src) by extensions ['colcon_meta']
[0.281s] Level 1:colcon.colcon_core.package_identification:_identify(src) by extension 'colcon_meta'
[0.281s] Level 1:colcon.colcon_core.package_identification:_identify(src) by extensions ['ros']
[0.281s] Level 1:colcon.colcon_core.package_identification:_identify(src) by extension 'ros'
[0.281s] Level 1:colcon.colcon_core.package_identification:_identify(src) by extensions ['cmake', 'python']
[0.281s] Level 1:colcon.colcon_core.package_identification:_identify(src) by extension 'cmake'
[0.281s] Level 1:colcon.colcon_core.package_identification:_identify(src) by extension 'python'
[0.281s] Level 1:colcon.colcon_core.package_identification:_identify(src) by extensions ['python_setup_py']
[0.281s] Level 1:colcon.colcon_core.package_identification:_identify(src) by extension 'python_setup_py'
[0.281s] Level 1:colcon.colcon_core.package_identification:_identify(src/my_bot) by extensions ['ignore', 'ignore_ament_install']
[0.281s] Level 1:colcon.colcon_core.package_identification:_identify(src/my_bot) by extension 'ignore'
[0.281s] Level 1:colcon.colcon_core.package_identification:_identify(src/my_bot) by extension 'ignore_ament_install'
[0.281s] Level 1:colcon.colcon_core.package_identification:_identify(src/my_bot) by extensions ['colcon_pkg']
[0.281s] Level 1:colcon.colcon_core.package_identification:_identify(src/my_bot) by extension 'colcon_pkg'
[0.281s] Level 1:colcon.colcon_core.package_identification:_identify(src/my_bot) by extensions ['colcon_meta']
[0.281s] Level 1:colcon.colcon_core.package_identification:_identify(src/my_bot) by extension 'colcon_meta'
[0.281s] Level 1:colcon.colcon_core.package_identification:_identify(src/my_bot) by extensions ['ros']
[0.281s] Level 1:colcon.colcon_core.package_identification:_identify(src/my_bot) by extension 'ros'
[0.284s] DEBUG:colcon.colcon_core.package_identification:Package 'src/my_bot' with type 'ros.ament_cmake' and name 'my_bot'
[0.284s] Level 1:colcon.colcon_core.package_identification:_identify(src/web_video_server) by extensions ['ignore', 'ignore_ament_install']
[0.284s] Level 1:colcon.colcon_core.package_identification:_identify(src/web_video_server) by extension 'ignore'
[0.284s] Level 1:colcon.colcon_core.package_identification:_identify(src/web_video_server) by extension 'ignore_ament_install'
[0.285s] Level 1:colcon.colcon_core.package_identification:_identify(src/web_video_server) by extensions ['colcon_pkg']
[0.285s] Level 1:colcon.colcon_core.package_identification:_identify(src/web_video_server) by extension 'colcon_pkg'
[0.285s] Level 1:colcon.colcon_core.package_identification:_identify(src/web_video_server) by extensions ['colcon_meta']
[0.285s] Level 1:colcon.colcon_core.package_identification:_identify(src/web_video_server) by extension 'colcon_meta'
[0.285s] Level 1:colcon.colcon_core.package_identification:_identify(src/web_video_server) by extensions ['ros']
[0.285s] Level 1:colcon.colcon_core.package_identification:_identify(src/web_video_server) by extension 'ros'
[0.286s] DEBUG:colcon.colcon_core.package_identification:Package 'src/web_video_server' with type 'ros.ament_cmake' and name 'web_video_server'
[0.286s] Level 1:colcon.colcon_core.package_discovery:discover_packages(recursive) using defaults
[0.286s] Level 1:colcon.colcon_core.package_discovery:discover_packages(ignore) discover
[0.286s] Level 1:colcon.colcon_core.package_discovery:discover_packages(ignore) using defaults
[0.286s] Level 1:colcon.colcon_core.package_discovery:discover_packages(path) discover
[0.286s] Level 1:colcon.colcon_core.package_discovery:discover_packages(path) using defaults
[0.318s] Level 1:colcon.colcon_core.package_discovery:discover_packages(prefix_path) check parameters
[0.318s] Level 1:colcon.colcon_core.package_discovery:discover_packages(prefix_path) discover
[0.322s] DEBUG:colcon.colcon_installed_package_information.package_discovery:Found 420 installed packages in /opt/ros/jazzy
[0.324s] Level 1:colcon.colcon_core.package_discovery:discover_packages(prefix_path) using defaults
[0.386s] Level 5:colcon.colcon_core.verb:set package 'my_bot' build argument 'cmake_args' from command line to 'None'
[0.386s] Level 5:colcon.colcon_core.verb:set package 'my_bot' build argument 'cmake_target' from command line to 'None'
[0.386s] Level 5:colcon.colcon_core.verb:set package 'my_bot' build argument 'cmake_target_skip_unavailable' from command line to 'False'
[0.386s] Level 5:colcon.colcon_core.verb:set package 'my_bot' build argument 'cmake_clean_cache' from command line to 'False'
[0.386s] Level 5:colcon.colcon_core.verb:set package 'my_bot' build argument 'cmake_clean_first' from command line to 'False'
[0.386s] Level 5:colcon.colcon_core.verb:set package 'my_bot' build argument 'cmake_force_configure' from command line to 'False'
[0.386s] Level 5:colcon.colcon_core.verb:set package 'my_bot' build argument 'ament_cmake_args' from command line to 'None'
[0.386s] Level 5:colcon.colcon_core.verb:set package 'my_bot' build argument 'catkin_cmake_args' from command line to 'None'
[0.386s] Level 5:colcon.colcon_core.verb:set package 'my_bot' build argument 'catkin_skip_building_tests' from command line to 'False'
[0.386s] DEBUG:colcon.colcon_core.verb:Building package 'my_bot' with the following arguments: {'ament_cmake_args': None, 'build_base': '/home/DATA/DATN/ros_ws/build/my_bot', 'catkin_cmake_args': None, 'catkin_skip_building_tests': False, 'cmake_args': None, 'cmake_clean_cache': False, 'cmake_clean_first': False, 'cmake_force_configure': False, 'cmake_target': None, 'cmake_target_skip_unavailable': False, 'install_base': '/home/DATA/DATN/ros_ws/install/my_bot', 'merge_install': False, 'path': '/home/DATA/DATN/ros_ws/src/my_bot', 'symlink_install': True, 'test_result_base': None}
[0.386s] Level 5:colcon.colcon_core.verb:set package 'web_video_server' build argument 'cmake_args' from command line to 'None'
[0.386s] Level 5:colcon.colcon_core.verb:set package 'web_video_server' build argument 'cmake_target' from command line to 'None'
[0.386s] Level 5:colcon.colcon_core.verb:set package 'web_video_server' build argument 'cmake_target_skip_unavailable' from command line to 'False'
[0.386s] Level 5:colcon.colcon_core.verb:set package 'web_video_server' build argument 'cmake_clean_cache' from command line to 'False'
[0.386s] Level 5:colcon.colcon_core.verb:set package 'web_video_server' build argument 'cmake_clean_first' from command line to 'False'
[0.386s] Level 5:colcon.colcon_core.verb:set package 'web_video_server' build argument 'cmake_force_configure' from command line to 'False'
[0.386s] Level 5:colcon.colcon_core.verb:set package 'web_video_server' build argument 'ament_cmake_args' from command line to 'None'
[0.387s] Level 5:colcon.colcon_core.verb:set package 'web_video_server' build argument 'catkin_cmake_args' from command line to 'None'
[0.387s] Level 5:colcon.colcon_core.verb:set package 'web_video_server' build argument 'catkin_skip_building_tests' from command line to 'False'
[0.387s] DEBUG:colcon.colcon_core.verb:Building package 'web_video_server' with the following arguments: {'ament_cmake_args': None, 'build_base': '/home/DATA/DATN/ros_ws/build/web_video_server', 'catkin_cmake_args': None, 'catkin_skip_building_tests': False, 'cmake_args': None, 'cmake_clean_cache': False, 'cmake_clean_first': False, 'cmake_force_configure': False, 'cmake_target': None, 'cmake_target_skip_unavailable': False, 'install_base': '/home/DATA/DATN/ros_ws/install/web_video_server', 'merge_install': False, 'path': '/home/DATA/DATN/ros_ws/src/web_video_server', 'symlink_install': True, 'test_result_base': None}
[0.387s] INFO:colcon.colcon_core.executor:Executing jobs using 'parallel' executor
[0.388s] DEBUG:colcon.colcon_parallel_executor.executor.parallel:run_until_complete
[0.388s] INFO:colcon.colcon_ros.task.ament_cmake.build:Building ROS package in '/home/DATA/DATN/ros_ws/src/my_bot' with build type 'ament_cmake'
[0.388s] INFO:colcon.colcon_cmake.task.cmake.build:Building CMake package in '/home/DATA/DATN/ros_ws/src/my_bot'
[0.392s] INFO:colcon.colcon_core.plugin_system:Skipping extension 'colcon_core.shell.bat': Not used on non-Windows systems
[0.392s] INFO:colcon.colcon_core.shell:Skip shell extension 'powershell' for command environment: Not usable outside of PowerShell
[0.392s] DEBUG:colcon.colcon_core.shell:Skip shell extension 'dsv' for command environment
[0.397s] INFO:colcon.colcon_ros.task.ament_cmake.build:Building ROS package in '/home/DATA/DATN/ros_ws/src/web_video_server' with build type 'ament_cmake'
[0.397s] INFO:colcon.colcon_cmake.task.cmake.build:Building CMake package in '/home/DATA/DATN/ros_ws/src/web_video_server'
[0.397s] INFO:colcon.colcon_core.shell:Skip shell extension 'powershell' for command environment: Not usable outside of PowerShell
[0.397s] DEBUG:colcon.colcon_core.shell:Skip shell extension 'dsv' for command environment
[0.406s] DEBUG:colcon.colcon_core.event_handler.log_command:Invoking command in '/home/DATA/DATN/ros_ws/build/my_bot': CMAKE_PREFIX_PATH=${CMAKE_PREFIX_PATH}:/opt/ros/jazzy DEBUGINFOD_URLS=https://debuginfod.ubuntu.com /usr/bin/cmake --build /home/DATA/DATN/ros_ws/build/my_bot -- -j8 -l8
[0.410s] DEBUG:colcon.colcon_core.event_handler.log_command:Invoking command in '/home/DATA/DATN/ros_ws/build/web_video_server': CMAKE_PREFIX_PATH=${CMAKE_PREFIX_PATH}:/opt/ros/jazzy DEBUGINFOD_URLS=https://debuginfod.ubuntu.com /usr/bin/cmake /home/DATA/DATN/ros_ws/src/web_video_server -DAMENT_CMAKE_SYMLINK_INSTALL=1 -DCMAKE_INSTALL_PREFIX=/home/DATA/DATN/ros_ws/install/web_video_server
[0.452s] DEBUG:colcon.colcon_core.event_handler.log_command:Invoked command in '/home/DATA/DATN/ros_ws/build/my_bot' returned '0': CMAKE_PREFIX_PATH=${CMAKE_PREFIX_PATH}:/opt/ros/jazzy DEBUGINFOD_URLS=https://debuginfod.ubuntu.com /usr/bin/cmake --build /home/DATA/DATN/ros_ws/build/my_bot -- -j8 -l8
[0.484s] DEBUG:colcon.colcon_core.event_handler.log_command:Invoking command in '/home/DATA/DATN/ros_ws/build/my_bot': CMAKE_PREFIX_PATH=${CMAKE_PREFIX_PATH}:/opt/ros/jazzy DEBUGINFOD_URLS=https://debuginfod.ubuntu.com /usr/bin/cmake --install /home/DATA/DATN/ros_ws/build/my_bot
[0.514s] Level 1:colcon.colcon_core.environment:create_environment_scripts_only(my_bot)
[0.515s] DEBUG:colcon.colcon_core.event_handler.log_command:Invoked command in '/home/DATA/DATN/ros_ws/build/my_bot' returned '0': CMAKE_PREFIX_PATH=${CMAKE_PREFIX_PATH}:/opt/ros/jazzy DEBUGINFOD_URLS=https://debuginfod.ubuntu.com /usr/bin/cmake --install /home/DATA/DATN/ros_ws/build/my_bot
[0.525s] Level 1:colcon.colcon_core.environment:checking '/home/DATA/DATN/ros_ws/install/my_bot' for CMake module files
[0.526s] Level 1:colcon.colcon_core.environment:checking '/home/DATA/DATN/ros_ws/install/my_bot' for CMake config files
[0.526s] Level 1:colcon.colcon_core.shell:create_environment_hook('my_bot', 'cmake_prefix_path')
[0.527s] INFO:colcon.colcon_core.shell:Creating environment hook '/home/DATA/DATN/ros_ws/install/my_bot/share/my_bot/hook/cmake_prefix_path.ps1'
[0.527s] INFO:colcon.colcon_core.shell:Creating environment descriptor '/home/DATA/DATN/ros_ws/install/my_bot/share/my_bot/hook/cmake_prefix_path.dsv'
[0.528s] INFO:colcon.colcon_core.shell:Creating environment hook '/home/DATA/DATN/ros_ws/install/my_bot/share/my_bot/hook/cmake_prefix_path.sh'
[0.529s] Level 1:colcon.colcon_core.environment:checking '/home/DATA/DATN/ros_ws/install/my_bot/bin'
[0.529s] Level 1:colcon.colcon_core.environment:checking '/home/DATA/DATN/ros_ws/install/my_bot/lib/pkgconfig/my_bot.pc'
[0.529s] Level 1:colcon.colcon_core.environment:checking '/home/DATA/DATN/ros_ws/install/my_bot/lib/python3.12/site-packages'
[0.530s] Level 1:colcon.colcon_core.environment:checking '/home/DATA/DATN/ros_ws/install/my_bot/bin'
[0.530s] INFO:colcon.colcon_core.shell:Creating package script '/home/DATA/DATN/ros_ws/install/my_bot/share/my_bot/package.ps1'
[0.531s] INFO:colcon.colcon_core.shell:Creating package descriptor '/home/DATA/DATN/ros_ws/install/my_bot/share/my_bot/package.dsv'
[0.531s] INFO:colcon.colcon_core.shell:Creating package script '/home/DATA/DATN/ros_ws/install/my_bot/share/my_bot/package.sh'
[0.532s] INFO:colcon.colcon_core.shell:Creating package script '/home/DATA/DATN/ros_ws/install/my_bot/share/my_bot/package.bash'
[0.533s] INFO:colcon.colcon_core.shell:Creating package script '/home/DATA/DATN/ros_ws/install/my_bot/share/my_bot/package.zsh'
[0.534s] Level 1:colcon.colcon_core.environment:create_file_with_runtime_dependencies(/home/DATA/DATN/ros_ws/install/my_bot/share/colcon-core/packages/my_bot)
[0.555s] Level 1:colcon.colcon_core.environment:create_environment_scripts_only(my_bot)
[0.555s] Level 1:colcon.colcon_core.environment:checking '/home/DATA/DATN/ros_ws/install/my_bot' for CMake module files
[0.556s] Level 1:colcon.colcon_core.environment:checking '/home/DATA/DATN/ros_ws/install/my_bot' for CMake config files
[0.556s] Level 1:colcon.colcon_core.shell:create_environment_hook('my_bot', 'cmake_prefix_path')
[0.556s] INFO:colcon.colcon_core.shell:Creating environment hook '/home/DATA/DATN/ros_ws/install/my_bot/share/my_bot/hook/cmake_prefix_path.ps1'
[0.557s] INFO:colcon.colcon_core.shell:Creating environment descriptor '/home/DATA/DATN/ros_ws/install/my_bot/share/my_bot/hook/cmake_prefix_path.dsv'
[0.557s] INFO:colcon.colcon_core.shell:Creating environment hook '/home/DATA/DATN/ros_ws/install/my_bot/share/my_bot/hook/cmake_prefix_path.sh'
[0.557s] Level 1:colcon.colcon_core.environment:checking '/home/DATA/DATN/ros_ws/install/my_bot/bin'
[0.558s] Level 1:colcon.colcon_core.environment:checking '/home/DATA/DATN/ros_ws/install/my_bot/lib/pkgconfig/my_bot.pc'
[0.558s] Level 1:colcon.colcon_core.environment:checking '/home/DATA/DATN/ros_ws/install/my_bot/lib/python3.12/site-packages'
[0.558s] Level 1:colcon.colcon_core.environment:checking '/home/DATA/DATN/ros_ws/install/my_bot/bin'
[0.558s] INFO:colcon.colcon_core.shell:Creating package script '/home/DATA/DATN/ros_ws/install/my_bot/share/my_bot/package.ps1'
[0.559s] INFO:colcon.colcon_core.shell:Creating package descriptor '/home/DATA/DATN/ros_ws/install/my_bot/share/my_bot/package.dsv'
[0.559s] INFO:colcon.colcon_core.shell:Creating package script '/home/DATA/DATN/ros_ws/install/my_bot/share/my_bot/package.sh'
[0.560s] INFO:colcon.colcon_core.shell:Creating package script '/home/DATA/DATN/ros_ws/install/my_bot/share/my_bot/package.bash'
[0.560s] INFO:colcon.colcon_core.shell:Creating package script '/home/DATA/DATN/ros_ws/install/my_bot/share/my_bot/package.zsh'
[0.560s] Level 1:colcon.colcon_core.environment:create_file_with_runtime_dependencies(/home/DATA/DATN/ros_ws/install/my_bot/share/colcon-core/packages/my_bot)
[2.764s] DEBUG:colcon.colcon_core.event_handler.log_command:Invoked command in '/home/DATA/DATN/ros_ws/build/web_video_server' returned '0': CMAKE_PREFIX_PATH=${CMAKE_PREFIX_PATH}:/opt/ros/jazzy DEBUGINFOD_URLS=https://debuginfod.ubuntu.com /usr/bin/cmake /home/DATA/DATN/ros_ws/src/web_video_server -DAMENT_CMAKE_SYMLINK_INSTALL=1 -DCMAKE_INSTALL_PREFIX=/home/DATA/DATN/ros_ws/install/web_video_server
[2.765s] DEBUG:colcon.colcon_core.event_handler.log_command:Invoking command in '/home/DATA/DATN/ros_ws/build/web_video_server': CMAKE_PREFIX_PATH=${CMAKE_PREFIX_PATH}:/opt/ros/jazzy DEBUGINFOD_URLS=https://debuginfod.ubuntu.com /usr/bin/cmake --build /home/DATA/DATN/ros_ws/build/web_video_server -- -j8 -l8
[49.132s] DEBUG:colcon.colcon_core.event_handler.log_command:Invoked command in '/home/DATA/DATN/ros_ws/build/web_video_server' returned '0': CMAKE_PREFIX_PATH=${CMAKE_PREFIX_PATH}:/opt/ros/jazzy DEBUGINFOD_URLS=https://debuginfod.ubuntu.com /usr/bin/cmake --build /home/DATA/DATN/ros_ws/build/web_video_server -- -j8 -l8
[49.188s] DEBUG:colcon.colcon_core.event_handler.log_command:Invoking command in '/home/DATA/DATN/ros_ws/build/web_video_server': CMAKE_PREFIX_PATH=${CMAKE_PREFIX_PATH}:/opt/ros/jazzy DEBUGINFOD_URLS=https://debuginfod.ubuntu.com /usr/bin/cmake --install /home/DATA/DATN/ros_ws/build/web_video_server
[49.568s] Level 1:colcon.colcon_core.environment:create_environment_scripts_only(web_video_server)
[49.582s] DEBUG:colcon.colcon_core.event_handler.log_command:Invoked command in '/home/DATA/DATN/ros_ws/build/web_video_server' returned '0': CMAKE_PREFIX_PATH=${CMAKE_PREFIX_PATH}:/opt/ros/jazzy DEBUGINFOD_URLS=https://debuginfod.ubuntu.com /usr/bin/cmake --install /home/DATA/DATN/ros_ws/build/web_video_server
[49.586s] Level 1:colcon.colcon_core.environment:checking '/home/DATA/DATN/ros_ws/install/web_video_server' for CMake module files
[49.591s] Level 1:colcon.colcon_core.environment:checking '/home/DATA/DATN/ros_ws/install/web_video_server' for CMake config files
[49.592s] Level 1:colcon.colcon_core.shell:create_environment_hook('web_video_server', 'cmake_prefix_path')
[49.596s] INFO:colcon.colcon_core.shell:Creating environment hook '/home/DATA/DATN/ros_ws/install/web_video_server/share/web_video_server/hook/cmake_prefix_path.ps1'
[49.612s] INFO:colcon.colcon_core.shell:Creating environment descriptor '/home/DATA/DATN/ros_ws/install/web_video_server/share/web_video_server/hook/cmake_prefix_path.dsv'
[49.615s] INFO:colcon.colcon_core.shell:Creating environment hook '/home/DATA/DATN/ros_ws/install/web_video_server/share/web_video_server/hook/cmake_prefix_path.sh'
[49.621s] Level 1:colcon.colcon_core.environment:checking '/home/DATA/DATN/ros_ws/install/web_video_server/lib'
[49.629s] Level 1:colcon.colcon_core.shell:create_environment_hook('web_video_server', 'ld_library_path_lib')
[49.629s] INFO:colcon.colcon_core.shell:Creating environment hook '/home/DATA/DATN/ros_ws/install/web_video_server/share/web_video_server/hook/ld_library_path_lib.ps1'
[49.630s] INFO:colcon.colcon_core.shell:Creating environment descriptor '/home/DATA/DATN/ros_ws/install/web_video_server/share/web_video_server/hook/ld_library_path_lib.dsv'
[49.631s] INFO:colcon.colcon_core.shell:Creating environment hook '/home/DATA/DATN/ros_ws/install/web_video_server/share/web_video_server/hook/ld_library_path_lib.sh'
[49.632s] Level 1:colcon.colcon_core.environment:checking '/home/DATA/DATN/ros_ws/install/web_video_server/bin'
[49.632s] Level 1:colcon.colcon_core.environment:checking '/home/DATA/DATN/ros_ws/install/web_video_server/lib/pkgconfig/web_video_server.pc'
[49.637s] Level 1:colcon.colcon_core.environment:checking '/home/DATA/DATN/ros_ws/install/web_video_server/lib/python3.12/site-packages'
[49.638s] Level 1:colcon.colcon_core.environment:checking '/home/DATA/DATN/ros_ws/install/web_video_server/bin'
[49.639s] INFO:colcon.colcon_core.shell:Creating package script '/home/DATA/DATN/ros_ws/install/web_video_server/share/web_video_server/package.ps1'
[49.641s] INFO:colcon.colcon_core.shell:Creating package descriptor '/home/DATA/DATN/ros_ws/install/web_video_server/share/web_video_server/package.dsv'
[49.642s] INFO:colcon.colcon_core.shell:Creating package script '/home/DATA/DATN/ros_ws/install/web_video_server/share/web_video_server/package.sh'
[49.644s] INFO:colcon.colcon_core.shell:Creating package script '/home/DATA/DATN/ros_ws/install/web_video_server/share/web_video_server/package.bash'
[49.646s] INFO:colcon.colcon_core.shell:Creating package script '/home/DATA/DATN/ros_ws/install/web_video_server/share/web_video_server/package.zsh'
[49.648s] Level 1:colcon.colcon_core.environment:create_file_with_runtime_dependencies(/home/DATA/DATN/ros_ws/install/web_video_server/share/colcon-core/packages/web_video_server)
[49.701s] Level 1:colcon.colcon_core.environment:create_environment_scripts_only(web_video_server)
[49.701s] Level 1:colcon.colcon_core.environment:checking '/home/DATA/DATN/ros_ws/install/web_video_server' for CMake module files
[49.702s] Level 1:colcon.colcon_core.environment:checking '/home/DATA/DATN/ros_ws/install/web_video_server' for CMake config files
[49.703s] Level 1:colcon.colcon_core.shell:create_environment_hook('web_video_server', 'cmake_prefix_path')
[49.703s] INFO:colcon.colcon_core.shell:Creating environment hook '/home/DATA/DATN/ros_ws/install/web_video_server/share/web_video_server/hook/cmake_prefix_path.ps1'
[49.704s] INFO:colcon.colcon_core.shell:Creating environment descriptor '/home/DATA/DATN/ros_ws/install/web_video_server/share/web_video_server/hook/cmake_prefix_path.dsv'
[49.704s] INFO:colcon.colcon_core.shell:Creating environment hook '/home/DATA/DATN/ros_ws/install/web_video_server/share/web_video_server/hook/cmake_prefix_path.sh'
[49.705s] Level 1:colcon.colcon_core.environment:checking '/home/DATA/DATN/ros_ws/install/web_video_server/lib'
[49.705s] Level 1:colcon.colcon_core.shell:create_environment_hook('web_video_server', 'ld_library_path_lib')
[49.705s] INFO:colcon.colcon_core.shell:Creating environment hook '/home/DATA/DATN/ros_ws/install/web_video_server/share/web_video_server/hook/ld_library_path_lib.ps1'
[49.706s] INFO:colcon.colcon_core.shell:Creating environment descriptor '/home/DATA/DATN/ros_ws/install/web_video_server/share/web_video_server/hook/ld_library_path_lib.dsv'
[49.706s] INFO:colcon.colcon_core.shell:Creating environment hook '/home/DATA/DATN/ros_ws/install/web_video_server/share/web_video_server/hook/ld_library_path_lib.sh'
[49.707s] Level 1:colcon.colcon_core.environment:checking '/home/DATA/DATN/ros_ws/install/web_video_server/bin'
[49.707s] Level 1:colcon.colcon_core.environment:checking '/home/DATA/DATN/ros_ws/install/web_video_server/lib/pkgconfig/web_video_server.pc'
[49.707s] Level 1:colcon.colcon_core.environment:checking '/home/DATA/DATN/ros_ws/install/web_video_server/lib/python3.12/site-packages'
[49.707s] Level 1:colcon.colcon_core.environment:checking '/home/DATA/DATN/ros_ws/install/web_video_server/bin'
[49.708s] INFO:colcon.colcon_core.shell:Creating package script '/home/DATA/DATN/ros_ws/install/web_video_server/share/web_video_server/package.ps1'
[49.708s] INFO:colcon.colcon_core.shell:Creating package descriptor '/home/DATA/DATN/ros_ws/install/web_video_server/share/web_video_server/package.dsv'
[49.709s] INFO:colcon.colcon_core.shell:Creating package script '/home/DATA/DATN/ros_ws/install/web_video_server/share/web_video_server/package.sh'
[49.710s] INFO:colcon.colcon_core.shell:Creating package script '/home/DATA/DATN/ros_ws/install/web_video_server/share/web_video_server/package.bash'
[49.710s] INFO:colcon.colcon_core.shell:Creating package script '/home/DATA/DATN/ros_ws/install/web_video_server/share/web_video_server/package.zsh'
[49.711s] Level 1:colcon.colcon_core.environment:create_file_with_runtime_dependencies(/home/DATA/DATN/ros_ws/install/web_video_server/share/colcon-core/packages/web_video_server)
[49.713s] DEBUG:colcon.colcon_parallel_executor.executor.parallel:closing loop
[49.716s] DEBUG:colcon.colcon_parallel_executor.executor.parallel:loop closed
[49.719s] DEBUG:colcon.colcon_parallel_executor.executor.parallel:run_until_complete finished with '0'
[49.722s] DEBUG:colcon.colcon_core.event_reactor:joining thread
[49.787s] INFO:colcon.colcon_core.plugin_system:Skipping extension 'colcon_notification.desktop_notification.terminal_notifier': Not used on non-Darwin systems
[49.788s] INFO:colcon.colcon_core.plugin_system:Skipping extension 'colcon_notification.desktop_notification.win32': Not used on non-Windows systems
[49.788s] INFO:colcon.colcon_notification.desktop_notification:Sending desktop notification using 'notify2'
[49.885s] DEBUG:colcon.colcon_core.event_reactor:joined thread
[49.887s] INFO:colcon.colcon_core.shell:Creating prefix script '/home/DATA/DATN/ros_ws/install/local_setup.ps1'
[49.892s] INFO:colcon.colcon_core.shell:Creating prefix util module '/home/DATA/DATN/ros_ws/install/_local_setup_util_ps1.py'
[49.894s] INFO:colcon.colcon_core.shell:Creating prefix chain script '/home/DATA/DATN/ros_ws/install/setup.ps1'
[49.900s] INFO:colcon.colcon_core.shell:Creating prefix script '/home/DATA/DATN/ros_ws/install/local_setup.sh'
[49.901s] INFO:colcon.colcon_core.shell:Creating prefix util module '/home/DATA/DATN/ros_ws/install/_local_setup_util_sh.py'
[49.902s] INFO:colcon.colcon_core.shell:Creating prefix chain script '/home/DATA/DATN/ros_ws/install/setup.sh'
[49.904s] INFO:colcon.colcon_core.shell:Creating prefix script '/home/DATA/DATN/ros_ws/install/local_setup.bash'
[49.905s] INFO:colcon.colcon_core.shell:Creating prefix chain script '/home/DATA/DATN/ros_ws/install/setup.bash'
[49.907s] INFO:colcon.colcon_core.shell:Creating prefix script '/home/DATA/DATN/ros_ws/install/local_setup.zsh'
[49.908s] INFO:colcon.colcon_core.shell:Creating prefix chain script '/home/DATA/DATN/ros_ws/install/setup.zsh'
