[0.011s] Invoking command in '/home/DATA/DATN/ros_ws/build/my_bot': CMAKE_PREFIX_PATH=${CMAKE_PREFIX_PATH}:/opt/ros/jazzy DEBUGINFOD_URLS=https://debuginfod.ubuntu.com /usr/bin/cmake --build /home/DATA/DATN/ros_ws/build/my_bot -- -j8 -l8
[0.056s] -- Found ament_cmake: 2.5.2 (/opt/ros/jazzy/share/ament_cmake/cmake)
[0.328s] -- Override CMake install command with custom implementation using symlinks instead of copying resources
[0.349s] -- Found ament_lint_auto: 0.17.1 (/opt/ros/jazzy/share/ament_lint_auto/cmake)
[0.485s] -- Added test 'copyright' to check source files copyright and LICENSE
[0.495s] -- Added test 'flake8' to check Python code syntax and style conventions
[0.495s] -- Configured 'flake8' exclude dirs and/or files: 
[0.497s] -- Added test 'lint_cmake' to check CMake code style
[0.498s] -- Added test 'pep257' to check Python code against some of the docstring style conventions in PEP 257
[0.502s] -- Added test 'xmllint' to check XML markup files
[0.504s] -- Configuring done (0.5s)
[0.512s] -- Generating done (0.0s)
[0.514s] -- Build files have been written to: /home/DATA/DATN/ros_ws/build/my_bot
[0.542s] Invoked command in '/home/DATA/DATN/ros_ws/build/my_bot' returned '0': CMAKE_PREFIX_PATH=${CMAKE_PREFIX_PATH}:/opt/ros/jazzy DEBUGINFOD_URLS=https://debuginfod.ubuntu.com /usr/bin/cmake --build /home/DATA/DATN/ros_ws/build/my_bot -- -j8 -l8
[0.579s] Invoking command in '/home/DATA/DATN/ros_ws/build/my_bot': CMAKE_PREFIX_PATH=${CMAKE_PREFIX_PATH}:/opt/ros/jazzy DEBUGINFOD_URLS=https://debuginfod.ubuntu.com /usr/bin/cmake --install /home/DATA/DATN/ros_ws/build/my_bot
[0.589s] -- Install configuration: ""
[0.589s] -- Execute custom install script
[0.590s] -- Up-to-date symlink: /home/DATA/DATN/ros_ws/install/my_bot/share/my_bot/config/empty.yaml
[0.590s] -- Up-to-date symlink: /home/DATA/DATN/ros_ws/install/my_bot/share/my_bot/config/view_bot.rviz
[0.590s] -- Up-to-date symlink: /home/DATA/DATN/ros_ws/install/my_bot/share/my_bot/description/gazebo_control.xacro
[0.591s] -- Up-to-date symlink: /home/DATA/DATN/ros_ws/install/my_bot/share/my_bot/description/inertial_macros.xacro
[0.591s] -- Up-to-date symlink: /home/DATA/DATN/ros_ws/install/my_bot/share/my_bot/description/robot.urdf.xacro
[0.591s] -- Up-to-date symlink: /home/DATA/DATN/ros_ws/install/my_bot/share/my_bot/description/robot_core.xacro
[0.591s] -- Up-to-date symlink: /home/DATA/DATN/ros_ws/install/my_bot/share/my_bot/launch/gazebo.launch.py
[0.591s] -- Up-to-date symlink: /home/DATA/DATN/ros_ws/install/my_bot/share/my_bot/launch/launch_sim.launch.py
[0.591s] -- Up-to-date symlink: /home/DATA/DATN/ros_ws/install/my_bot/share/my_bot/launch/rsp.launch.py
[0.592s] -- Up-to-date symlink: /home/DATA/DATN/ros_ws/install/my_bot/share/my_bot/worlds/empty.world
[0.592s] -- Up-to-date symlink: /home/DATA/DATN/ros_ws/install/my_bot/share/ament_index/resource_index/package_run_dependencies/my_bot
[0.592s] -- Up-to-date symlink: /home/DATA/DATN/ros_ws/install/my_bot/share/ament_index/resource_index/parent_prefix_path/my_bot
[0.592s] -- Up-to-date symlink: /home/DATA/DATN/ros_ws/install/my_bot/share/my_bot/environment/ament_prefix_path.sh
[0.593s] -- Up-to-date symlink: /home/DATA/DATN/ros_ws/install/my_bot/share/my_bot/environment/ament_prefix_path.dsv
[0.593s] -- Up-to-date symlink: /home/DATA/DATN/ros_ws/install/my_bot/share/my_bot/environment/path.sh
[0.593s] -- Up-to-date symlink: /home/DATA/DATN/ros_ws/install/my_bot/share/my_bot/environment/path.dsv
[0.593s] -- Up-to-date symlink: /home/DATA/DATN/ros_ws/install/my_bot/share/my_bot/local_setup.bash
[0.593s] -- Up-to-date symlink: /home/DATA/DATN/ros_ws/install/my_bot/share/my_bot/local_setup.sh
[0.594s] -- Up-to-date symlink: /home/DATA/DATN/ros_ws/install/my_bot/share/my_bot/local_setup.zsh
[0.594s] -- Up-to-date symlink: /home/DATA/DATN/ros_ws/install/my_bot/share/my_bot/local_setup.dsv
[0.594s] -- Symlinking: /home/DATA/DATN/ros_ws/install/my_bot/share/my_bot/package.dsv
[0.604s] -- Up-to-date symlink: /home/DATA/DATN/ros_ws/install/my_bot/share/ament_index/resource_index/packages/my_bot
[0.604s] -- Up-to-date symlink: /home/DATA/DATN/ros_ws/install/my_bot/share/my_bot/cmake/my_botConfig.cmake
[0.604s] -- Up-to-date symlink: /home/DATA/DATN/ros_ws/install/my_bot/share/my_bot/cmake/my_botConfig-version.cmake
[0.604s] -- Up-to-date symlink: /home/DATA/DATN/ros_ws/install/my_bot/share/my_bot/package.xml
[0.607s] Invoked command in '/home/DATA/DATN/ros_ws/build/my_bot' returned '0': CMAKE_PREFIX_PATH=${CMAKE_PREFIX_PATH}:/opt/ros/jazzy DEBUGINFOD_URLS=https://debuginfod.ubuntu.com /usr/bin/cmake --install /home/DATA/DATN/ros_ws/build/my_bot
