[2.201s] Invoking command in '/home/DATA/DATN/ros_ws/src/my_package': DEBUGINFOD_URLS=https://debuginfod.ubuntu.com PYTHONPATH=/home/DATA/DATN/ros_ws/build/my_package/prefix_override:/usr/lib/python3/dist-packages/colcon_core/task/python/colcon_distutils_commands:/home/DATA/DATN/ros_ws/install/my_package/lib/python3.12/site-packages:${PYTHONPATH} /usr/bin/python3 -W ignore:setup.py install is deprecated setup.py egg_info --egg-base ../../build/my_package build --build-base /home/DATA/DATN/ros_ws/build/my_package/build install --record /home/DATA/DATN/ros_ws/build/my_package/install.log --single-version-externally-managed install_data
[2.902s] running egg_info
[2.950s] writing ../../build/my_package/my_package.egg-info/PKG-INFO
[2.954s] writing dependency_links to ../../build/my_package/my_package.egg-info/dependency_links.txt
[2.954s] writing entry points to ../../build/my_package/my_package.egg-info/entry_points.txt
[2.954s] writing requirements to ../../build/my_package/my_package.egg-info/requires.txt
[2.954s] writing top-level names to ../../build/my_package/my_package.egg-info/top_level.txt
[3.071s] reading manifest file '../../build/my_package/my_package.egg-info/SOURCES.txt'
[3.073s] writing manifest file '../../build/my_package/my_package.egg-info/SOURCES.txt'
[3.076s] running build
[3.077s] running build_py
[3.077s] copying my_package/ocupanGrid.py -> /home/DATA/DATN/ros_ws/build/my_package/build/lib/my_package
[3.077s] running install
[3.093s] running install_lib
[3.146s] copying /home/DATA/DATN/ros_ws/build/my_package/build/lib/my_package/ocupanGrid.py -> /home/DATA/DATN/ros_ws/install/my_package/lib/python3.12/site-packages/my_package
[3.148s] byte-compiling /home/DATA/DATN/ros_ws/install/my_package/lib/python3.12/site-packages/my_package/ocupanGrid.py to ocupanGrid.cpython-312.pyc
[3.150s] running install_data
[3.151s] running install_egg_info
[3.198s] removing '/home/DATA/DATN/ros_ws/install/my_package/lib/python3.12/site-packages/my_package-0.0.0-py3.12.egg-info' (and everything under it)
[3.198s] Copying ../../build/my_package/my_package.egg-info to /home/DATA/DATN/ros_ws/install/my_package/lib/python3.12/site-packages/my_package-0.0.0-py3.12.egg-info
[3.199s] running install_scripts
[3.522s] Installing convert script to /home/DATA/DATN/ros_ws/install/my_package/lib/my_package
[3.524s] Installing mapSend script to /home/DATA/DATN/ros_ws/install/my_package/lib/my_package
[3.527s] Installing test script to /home/DATA/DATN/ros_ws/install/my_package/lib/my_package
[3.528s] Installing video script to /home/DATA/DATN/ros_ws/install/my_package/lib/my_package
[3.528s] writing list of installed files to '/home/DATA/DATN/ros_ws/build/my_package/install.log'
[3.660s] Invoked command in '/home/DATA/DATN/ros_ws/src/my_package' returned '0': DEBUGINFOD_URLS=https://debuginfod.ubuntu.com PYTHONPATH=/home/DATA/DATN/ros_ws/build/my_package/prefix_override:/usr/lib/python3/dist-packages/colcon_core/task/python/colcon_distutils_commands:/home/DATA/DATN/ros_ws/install/my_package/lib/python3.12/site-packages:${PYTHONPATH} /usr/bin/python3 -W ignore:setup.py install is deprecated setup.py egg_info --egg-base ../../build/my_package build --build-base /home/DATA/DATN/ros_ws/build/my_package/build install --record /home/DATA/DATN/ros_ws/build/my_package/install.log --single-version-externally-managed install_data
