[3.021s] Invoking command in '/home/DATA/DATN/ros_ws/src/my_package': DEBUGINFOD_URLS=https://debuginfod.ubuntu.com PYTHONPATH=/home/DATA/DATN/ros_ws/build/my_package/prefix_override:/usr/lib/python3/dist-packages/colcon_core/task/python/colcon_distutils_commands:/home/DATA/DATN/ros_ws/install/my_package/lib/python3.12/site-packages:${PYTHONPATH} /usr/bin/python3 -W ignore:setup.py install is deprecated setup.py egg_info --egg-base ../../build/my_package build --build-base /home/DATA/DATN/ros_ws/build/my_package/build install --record /home/DATA/DATN/ros_ws/build/my_package/install.log --single-version-externally-managed install_data
[4.003s] running egg_info
[4.155s] writing ../../build/my_package/my_package.egg-info/PKG-INFO
[4.160s] writing dependency_links to ../../build/my_package/my_package.egg-info/dependency_links.txt
[4.160s] writing entry points to ../../build/my_package/my_package.egg-info/entry_points.txt
[4.160s] writing requirements to ../../build/my_package/my_package.egg-info/requires.txt
[4.161s] writing top-level names to ../../build/my_package/my_package.egg-info/top_level.txt
[4.357s] reading manifest file '../../build/my_package/my_package.egg-info/SOURCES.txt'
[4.366s] writing manifest file '../../build/my_package/my_package.egg-info/SOURCES.txt'
[4.367s] running build
[4.367s] running build_py
[4.378s] running install
[4.411s] running install_lib
[4.573s] running install_data
[4.573s] running install_egg_info
[4.676s] removing '/home/DATA/DATN/ros_ws/install/my_package/lib/python3.12/site-packages/my_package-0.0.0-py3.12.egg-info' (and everything under it)
[4.676s] Copying ../../build/my_package/my_package.egg-info to /home/DATA/DATN/ros_ws/install/my_package/lib/python3.12/site-packages/my_package-0.0.0-py3.12.egg-info
[4.676s] running install_scripts
[6.014s] Installing convert script to /home/DATA/DATN/ros_ws/install/my_package/lib/my_package
[6.016s] Installing test script to /home/DATA/DATN/ros_ws/install/my_package/lib/my_package
[6.018s] Installing video script to /home/DATA/DATN/ros_ws/install/my_package/lib/my_package
[6.021s] writing list of installed files to '/home/DATA/DATN/ros_ws/build/my_package/install.log'
[6.162s] Invoked command in '/home/DATA/DATN/ros_ws/src/my_package' returned '0': DEBUGINFOD_URLS=https://debuginfod.ubuntu.com PYTHONPATH=/home/DATA/DATN/ros_ws/build/my_package/prefix_override:/usr/lib/python3/dist-packages/colcon_core/task/python/colcon_distutils_commands:/home/DATA/DATN/ros_ws/install/my_package/lib/python3.12/site-packages:${PYTHONPATH} /usr/bin/python3 -W ignore:setup.py install is deprecated setup.py egg_info --egg-base ../../build/my_package build --build-base /home/DATA/DATN/ros_ws/build/my_package/build install --record /home/DATA/DATN/ros_ws/build/my_package/install.log --single-version-externally-managed install_data
