-- The C compiler identification is GNU 13.3.0
-- The CXX compiler identification is GNU 13.3.0
-- Detecting C compiler ABI info
-- Detecting C compiler ABI info - done
-- Check for working C compiler: /usr/bin/cc - skipped
-- Detecting C compile features
-- Detecting C compile features - done
-- Detecting CXX compiler ABI info
-- Detecting CXX compiler ABI info - done
-- Check for working CXX compiler: /usr/bin/c++ - skipped
-- Detecting CXX compile features
-- Detecting CXX compile features - done
-- Found ament_cmake_ros: 0.12.0 (/opt/ros/jazzy/share/ament_cmake_ros/cmake)
-- Found Python3: /usr/bin/python3 (found version "3.12.3") found components: Interpreter 
-- Override CMake install command with custom implementation using symlinks instead of copying resources
-- Found async_web_server_cpp: 2.0.0 (/opt/ros/jazzy/share/async_web_server_cpp/cmake)
-- Found Boost: /usr/lib/x86_64-linux-gnu/cmake/Boost-1.83.0/BoostConfig.cmake (found suitable version "1.83.0", minimum required is "1.83.0") found components: filesystem regex thread 
-- Found cv_bridge: 4.1.0 (/opt/ros/jazzy/share/cv_bridge/cmake)
-- Found rosidl_generator_c: 4.6.4 (/opt/ros/jazzy/share/rosidl_generator_c/cmake)
-- Found rosidl_generator_cpp: 4.6.4 (/opt/ros/jazzy/share/rosidl_generator_cpp/cmake)
-- Using all available rosidl_typesupport_c: rosidl_typesupport_fastrtps_c;rosidl_typesupport_introspection_c
-- Using all available rosidl_typesupport_cpp: rosidl_typesupport_fastrtps_cpp;rosidl_typesupport_introspection_cpp
-- Found rmw_implementation_cmake: 7.3.1 (/opt/ros/jazzy/share/rmw_implementation_cmake/cmake)
-- Found rmw_fastrtps_cpp: 8.4.1 (/opt/ros/jazzy/share/rmw_fastrtps_cpp/cmake)
-- Found OpenSSL: /usr/lib/x86_64-linux-gnu/libcrypto.so (found version "3.0.13")  
-- Found FastRTPS: /opt/ros/jazzy/include (Required is at least version "2.13") 
-- Using RMW implementation 'rmw_fastrtps_cpp' as default
-- Found image_transport: 5.1.4 (/opt/ros/jazzy/share/image_transport/cmake)
-- Found rclcpp_components: 28.1.5 (/opt/ros/jazzy/share/rclcpp_components/cmake)
-- Found OpenCV: /usr (found version "4.6.0") 
-- Found Boost: /usr/lib/x86_64-linux-gnu/cmake/Boost-1.83.0/BoostConfig.cmake (found version "1.83.0") found components: system 
-- Found PkgConfig: /usr/bin/pkg-config (found version "1.8.1") 
-- Checking for module 'libavcodec'
--   Found libavcodec, version 60.31.102
-- Checking for module 'libavformat'
--   Found libavformat, version 60.16.100
-- Checking for module 'libavutil'
--   Found libavutil, version 58.29.100
-- Checking for module 'libswscale'
--   Found libswscale, version 7.5.100
-- Found ament_lint_auto: 0.17.1 (/opt/ros/jazzy/share/ament_lint_auto/cmake)
-- Added test 'copyright' to check source files copyright and LICENSE
-- Added test 'cpplint' to check C / C++ code against the Google style
-- Configured cpplint exclude dirs and/or files: 
-- Added test 'lint_cmake' to check CMake code style
-- Added test 'xmllint' to check XML markup files
-- Added test 'uncrustify' to check C / C++ code style
-- Configured uncrustify additional arguments: 
-- Configuring done (2.3s)
-- Generating done (0.0s)
-- Build files have been written to: /home/DATA/DATN/ros_ws/build/web_video_server
[ 35%] [32mBuilding CXX object CMakeFiles/web_video_server.dir/src/libav_streamer.cpp.o[0m
[ 50%] [32mBuilding CXX object CMakeFiles/web_video_server.dir/src/multipart_stream.cpp.o[0m
[ 57%] [32mBuilding CXX object CMakeFiles/web_video_server.dir/src/vp8_streamer.cpp.o[0m
[ 35%] [32mBuilding CXX object CMakeFiles/web_video_server.dir/src/web_video_server.cpp.o[0m
[ 35%] [32mBuilding CXX object CMakeFiles/web_video_server.dir/src/image_streamer.cpp.o[0m
[ 57%] [32mBuilding CXX object CMakeFiles/web_video_server.dir/src/vp9_streamer.cpp.o[0m
[ 57%] [32mBuilding CXX object CMakeFiles/web_video_server.dir/src/ros_compressed_streamer.cpp.o[0m
[ 35%] [32mBuilding CXX object CMakeFiles/web_video_server.dir/src/h264_streamer.cpp.o[0m
[ 64%] [32mBuilding CXX object CMakeFiles/web_video_server.dir/src/jpeg_streamers.cpp.o[0m
[ 71%] [32mBuilding CXX object CMakeFiles/web_video_server.dir/src/utils.cpp.o[0m
[ 78%] [32mBuilding CXX object CMakeFiles/web_video_server.dir/src/png_streamers.cpp.o[0m
[ 85%] [32m[1mLinking CXX shared library libweb_video_server.so[0m
[ 85%] Built target web_video_server
[ 92%] [32mBuilding CXX object CMakeFiles/web_video_server_node.dir/src/web_video_server_node.cpp.o[0m
[100%] [32m[1mLinking CXX executable web_video_server[0m
[100%] Built target web_video_server_node
-- Install configuration: ""
-- Execute custom install script
-- Symlinking: /home/DATA/DATN/ros_ws/install/web_video_server/include/web_video_server/web_video_server/h264_streamer.hpp
-- Symlinking: /home/DATA/DATN/ros_ws/install/web_video_server/include/web_video_server/web_video_server/image_streamer.hpp
-- Symlinking: /home/DATA/DATN/ros_ws/install/web_video_server/include/web_video_server/web_video_server/jpeg_streamers.hpp
-- Symlinking: /home/DATA/DATN/ros_ws/install/web_video_server/include/web_video_server/web_video_server/libav_streamer.hpp
-- Symlinking: /home/DATA/DATN/ros_ws/install/web_video_server/include/web_video_server/web_video_server/multipart_stream.hpp
-- Symlinking: /home/DATA/DATN/ros_ws/install/web_video_server/include/web_video_server/web_video_server/png_streamers.hpp
-- Symlinking: /home/DATA/DATN/ros_ws/install/web_video_server/include/web_video_server/web_video_server/ros_compressed_streamer.hpp
-- Symlinking: /home/DATA/DATN/ros_ws/install/web_video_server/include/web_video_server/web_video_server/utils.hpp
-- Symlinking: /home/DATA/DATN/ros_ws/install/web_video_server/include/web_video_server/web_video_server/vp8_streamer.hpp
-- Symlinking: /home/DATA/DATN/ros_ws/install/web_video_server/include/web_video_server/web_video_server/vp9_streamer.hpp
-- Symlinking: /home/DATA/DATN/ros_ws/install/web_video_server/include/web_video_server/web_video_server/web_video_server.hpp
-- Symlinking: /home/DATA/DATN/ros_ws/install/web_video_server/share/web_video_server/environment/library_path.sh
-- Symlinking: /home/DATA/DATN/ros_ws/install/web_video_server/share/web_video_server/environment/library_path.dsv
-- Symlinking: /home/DATA/DATN/ros_ws/install/web_video_server/lib/web_video_server/web_video_server
-- Symlinking: /home/DATA/DATN/ros_ws/install/web_video_server/share/ament_index/resource_index/package_run_dependencies/web_video_server
-- Symlinking: /home/DATA/DATN/ros_ws/install/web_video_server/share/ament_index/resource_index/parent_prefix_path/web_video_server
-- Symlinking: /home/DATA/DATN/ros_ws/install/web_video_server/share/web_video_server/environment/ament_prefix_path.sh
-- Symlinking: /home/DATA/DATN/ros_ws/install/web_video_server/share/web_video_server/environment/ament_prefix_path.dsv
-- Symlinking: /home/DATA/DATN/ros_ws/install/web_video_server/share/web_video_server/environment/path.sh
-- Symlinking: /home/DATA/DATN/ros_ws/install/web_video_server/share/web_video_server/environment/path.dsv
-- Symlinking: /home/DATA/DATN/ros_ws/install/web_video_server/share/web_video_server/local_setup.bash
-- Symlinking: /home/DATA/DATN/ros_ws/install/web_video_server/share/web_video_server/local_setup.sh
-- Symlinking: /home/DATA/DATN/ros_ws/install/web_video_server/share/web_video_server/local_setup.zsh
-- Symlinking: /home/DATA/DATN/ros_ws/install/web_video_server/share/web_video_server/local_setup.dsv
-- Symlinking: /home/DATA/DATN/ros_ws/install/web_video_server/share/web_video_server/package.dsv
-- Symlinking: /home/DATA/DATN/ros_ws/install/web_video_server/share/ament_index/resource_index/packages/web_video_server
-- Symlinking: /home/DATA/DATN/ros_ws/install/web_video_server/share/ament_index/resource_index/rclcpp_components/web_video_server
-- Symlinking: /home/DATA/DATN/ros_ws/install/web_video_server/share/web_video_server/cmake/ament_cmake_export_targets-extras.cmake
-- Symlinking: /home/DATA/DATN/ros_ws/install/web_video_server/share/web_video_server/cmake/web_video_serverConfig.cmake
-- Symlinking: /home/DATA/DATN/ros_ws/install/web_video_server/share/web_video_server/cmake/web_video_serverConfig-version.cmake
-- Symlinking: /home/DATA/DATN/ros_ws/install/web_video_server/share/web_video_server/package.xml
-- Installing: /home/DATA/DATN/ros_ws/install/web_video_server/lib/libweb_video_server.so
-- Set non-toolchain portion of runtime path of "/home/DATA/DATN/ros_ws/install/web_video_server/lib/libweb_video_server.so" to ""
-- Installing: /home/DATA/DATN/ros_ws/install/web_video_server/share/web_video_server/cmake/export_web_video_serverExport.cmake
-- Installing: /home/DATA/DATN/ros_ws/install/web_video_server/share/web_video_server/cmake/export_web_video_serverExport-noconfig.cmake
