[0.012s] Invoking command in '/home/DATA/DATN/ros_ws/build/web_video_server': CMAKE_PREFIX_PATH=${CMAKE_PREFIX_PATH}:/opt/ros/jazzy DEBUGINFOD_URLS=https://debuginfod.ubuntu.com /usr/bin/cmake /home/DATA/DATN/ros_ws/src/web_video_server -DAMENT_CMAKE_SYMLINK_INSTALL=1 -DCMAKE_INSTALL_PREFIX=/home/DATA/DATN/ros_ws/install/web_video_server
[0.169s] -- The C compiler identification is GNU 13.3.0
[0.289s] -- The CXX compiler identification is GNU 13.3.0
[0.313s] -- Detecting C compiler ABI info
[0.412s] -- Detecting C compiler ABI info - done
[0.423s] -- Check for working C compiler: /usr/bin/cc - skipped
[0.423s] -- Detecting C compile features
[0.424s] -- Detecting C compile features - done
[0.434s] -- Detecting CXX compiler ABI info
[0.538s] -- Detecting CXX compiler ABI info - done
[0.548s] -- Check for working CXX compiler: /usr/bin/c++ - skipped
[0.549s] -- Detecting CXX compile features
[0.549s] -- Detecting CXX compile features - done
[0.584s] -- Found ament_cmake_ros: 0.12.0 (/opt/ros/jazzy/share/ament_cmake_ros/cmake)
[0.782s] -- Found Python3: /usr/bin/python3 (found version "3.12.3") found components: Interpreter 
[0.869s] -- Override CMake install command with custom implementation using symlinks instead of copying resources
[0.948s] -- Found async_web_server_cpp: 2.0.0 (/opt/ros/jazzy/share/async_web_server_cpp/cmake)
[1.102s] -- Found Boost: /usr/lib/x86_64-linux-gnu/cmake/Boost-1.83.0/BoostConfig.cmake (found suitable version "1.83.0", minimum required is "1.83.0") found components: filesystem regex thread 
[1.116s] -- Found cv_bridge: 4.1.0 (/opt/ros/jazzy/share/cv_bridge/cmake)
[1.216s] -- Found rosidl_generator_c: 4.6.4 (/opt/ros/jazzy/share/rosidl_generator_c/cmake)
[1.239s] -- Found rosidl_generator_cpp: 4.6.4 (/opt/ros/jazzy/share/rosidl_generator_cpp/cmake)
[1.267s] -- Using all available rosidl_typesupport_c: rosidl_typesupport_fastrtps_c;rosidl_typesupport_introspection_c
[1.299s] -- Using all available rosidl_typesupport_cpp: rosidl_typesupport_fastrtps_cpp;rosidl_typesupport_introspection_cpp
[1.550s] -- Found rmw_implementation_cmake: 7.3.1 (/opt/ros/jazzy/share/rmw_implementation_cmake/cmake)
[1.556s] -- Found rmw_fastrtps_cpp: 8.4.1 (/opt/ros/jazzy/share/rmw_fastrtps_cpp/cmake)
[1.665s] -- Found OpenSSL: /usr/lib/x86_64-linux-gnu/libcrypto.so (found version "3.0.13")  
[1.694s] -- Found FastRTPS: /opt/ros/jazzy/include (Required is at least version "2.13") 
[1.722s] -- Using RMW implementation 'rmw_fastrtps_cpp' as default
[1.841s] -- Found image_transport: 5.1.4 (/opt/ros/jazzy/share/image_transport/cmake)
[1.895s] -- Found rclcpp_components: 28.1.5 (/opt/ros/jazzy/share/rclcpp_components/cmake)
[1.939s] -- Found OpenCV: /usr (found version "4.6.0") 
[1.948s] -- Found Boost: /usr/lib/x86_64-linux-gnu/cmake/Boost-1.83.0/BoostConfig.cmake (found version "1.83.0") found components: system 
[1.952s] -- Found PkgConfig: /usr/bin/pkg-config (found version "1.8.1") 
[1.953s] -- Checking for module 'libavcodec'
[1.968s] --   Found libavcodec, version 60.31.102
[2.003s] -- Checking for module 'libavformat'
[2.018s] --   Found libavformat, version 60.16.100
[2.051s] -- Checking for module 'libavutil'
[2.065s] --   Found libavutil, version 58.29.100
[2.097s] -- Checking for module 'libswscale'
[2.112s] --   Found libswscale, version 7.5.100
[2.149s] -- Found ament_lint_auto: 0.17.1 (/opt/ros/jazzy/share/ament_lint_auto/cmake)
[2.303s] -- Added test 'copyright' to check source files copyright and LICENSE
[2.307s] -- Added test 'cpplint' to check C / C++ code against the Google style
[2.307s] -- Configured cpplint exclude dirs and/or files: 
[2.308s] -- Added test 'lint_cmake' to check CMake code style
[2.310s] -- Added test 'xmllint' to check XML markup files
[2.314s] -- Added test 'uncrustify' to check C / C++ code style
[2.314s] -- Configured uncrustify additional arguments: 
[2.316s] -- Configuring done (2.3s)
[2.351s] -- Generating done (0.0s)
[2.353s] -- Build files have been written to: /home/DATA/DATN/ros_ws/build/web_video_server
[2.366s] Invoked command in '/home/DATA/DATN/ros_ws/build/web_video_server' returned '0': CMAKE_PREFIX_PATH=${CMAKE_PREFIX_PATH}:/opt/ros/jazzy DEBUGINFOD_URLS=https://debuginfod.ubuntu.com /usr/bin/cmake /home/DATA/DATN/ros_ws/src/web_video_server -DAMENT_CMAKE_SYMLINK_INSTALL=1 -DCMAKE_INSTALL_PREFIX=/home/DATA/DATN/ros_ws/install/web_video_server
[2.367s] Invoking command in '/home/DATA/DATN/ros_ws/build/web_video_server': CMAKE_PREFIX_PATH=${CMAKE_PREFIX_PATH}:/opt/ros/jazzy DEBUGINFOD_URLS=https://debuginfod.ubuntu.com /usr/bin/cmake --build /home/DATA/DATN/ros_ws/build/web_video_server -- -j8 -l8
[2.430s] [ 35%] [32mBuilding CXX object CMakeFiles/web_video_server.dir/src/libav_streamer.cpp.o[0m
[2.431s] [ 50%] [32mBuilding CXX object CMakeFiles/web_video_server.dir/src/multipart_stream.cpp.o[0m
[2.431s] [ 57%] [32mBuilding CXX object CMakeFiles/web_video_server.dir/src/vp8_streamer.cpp.o[0m
[2.431s] [ 35%] [32mBuilding CXX object CMakeFiles/web_video_server.dir/src/web_video_server.cpp.o[0m
[2.432s] [ 35%] [32mBuilding CXX object CMakeFiles/web_video_server.dir/src/image_streamer.cpp.o[0m
[2.432s] [ 57%] [32mBuilding CXX object CMakeFiles/web_video_server.dir/src/vp9_streamer.cpp.o[0m
[2.432s] [ 57%] [32mBuilding CXX object CMakeFiles/web_video_server.dir/src/ros_compressed_streamer.cpp.o[0m
[2.432s] [ 35%] [32mBuilding CXX object CMakeFiles/web_video_server.dir/src/h264_streamer.cpp.o[0m
[20.081s] [ 64%] [32mBuilding CXX object CMakeFiles/web_video_server.dir/src/jpeg_streamers.cpp.o[0m
[22.855s] [ 71%] [32mBuilding CXX object CMakeFiles/web_video_server.dir/src/utils.cpp.o[0m
[22.856s] [ 78%] [32mBuilding CXX object CMakeFiles/web_video_server.dir/src/png_streamers.cpp.o[0m
[36.342s] [ 85%] [32m[1mLinking CXX shared library libweb_video_server.so[0m
[37.376s] [ 85%] Built target web_video_server
[37.423s] [ 92%] [32mBuilding CXX object CMakeFiles/web_video_server_node.dir/src/web_video_server_node.cpp.o[0m
[47.288s] [100%] [32m[1mLinking CXX executable web_video_server[0m
[48.655s] [100%] Built target web_video_server_node
[48.727s] Invoked command in '/home/DATA/DATN/ros_ws/build/web_video_server' returned '0': CMAKE_PREFIX_PATH=${CMAKE_PREFIX_PATH}:/opt/ros/jazzy DEBUGINFOD_URLS=https://debuginfod.ubuntu.com /usr/bin/cmake --build /home/DATA/DATN/ros_ws/build/web_video_server -- -j8 -l8
[48.791s] Invoking command in '/home/DATA/DATN/ros_ws/build/web_video_server': CMAKE_PREFIX_PATH=${CMAKE_PREFIX_PATH}:/opt/ros/jazzy DEBUGINFOD_URLS=https://debuginfod.ubuntu.com /usr/bin/cmake --install /home/DATA/DATN/ros_ws/build/web_video_server
[48.800s] -- Install configuration: ""
[48.801s] -- Execute custom install script
[48.806s] -- Symlinking: /home/DATA/DATN/ros_ws/install/web_video_server/include/web_video_server/web_video_server/h264_streamer.hpp
[48.816s] -- Symlinking: /home/DATA/DATN/ros_ws/install/web_video_server/include/web_video_server/web_video_server/image_streamer.hpp
[48.825s] -- Symlinking: /home/DATA/DATN/ros_ws/install/web_video_server/include/web_video_server/web_video_server/jpeg_streamers.hpp
[48.834s] -- Symlinking: /home/DATA/DATN/ros_ws/install/web_video_server/include/web_video_server/web_video_server/libav_streamer.hpp
[48.845s] -- Symlinking: /home/DATA/DATN/ros_ws/install/web_video_server/include/web_video_server/web_video_server/multipart_stream.hpp
[48.855s] -- Symlinking: /home/DATA/DATN/ros_ws/install/web_video_server/include/web_video_server/web_video_server/png_streamers.hpp
[48.865s] -- Symlinking: /home/DATA/DATN/ros_ws/install/web_video_server/include/web_video_server/web_video_server/ros_compressed_streamer.hpp
[48.877s] -- Symlinking: /home/DATA/DATN/ros_ws/install/web_video_server/include/web_video_server/web_video_server/utils.hpp
[48.888s] -- Symlinking: /home/DATA/DATN/ros_ws/install/web_video_server/include/web_video_server/web_video_server/vp8_streamer.hpp
[48.898s] -- Symlinking: /home/DATA/DATN/ros_ws/install/web_video_server/include/web_video_server/web_video_server/vp9_streamer.hpp
[48.907s] -- Symlinking: /home/DATA/DATN/ros_ws/install/web_video_server/include/web_video_server/web_video_server/web_video_server.hpp
[48.919s] -- Symlinking: /home/DATA/DATN/ros_ws/install/web_video_server/share/web_video_server/environment/library_path.sh
[48.929s] -- Symlinking: /home/DATA/DATN/ros_ws/install/web_video_server/share/web_video_server/environment/library_path.dsv
[48.939s] -- Symlinking: /home/DATA/DATN/ros_ws/install/web_video_server/lib/web_video_server/web_video_server
[48.950s] -- Symlinking: /home/DATA/DATN/ros_ws/install/web_video_server/share/ament_index/resource_index/package_run_dependencies/web_video_server
[48.960s] -- Symlinking: /home/DATA/DATN/ros_ws/install/web_video_server/share/ament_index/resource_index/parent_prefix_path/web_video_server
[48.972s] -- Symlinking: /home/DATA/DATN/ros_ws/install/web_video_server/share/web_video_server/environment/ament_prefix_path.sh
[48.983s] -- Symlinking: /home/DATA/DATN/ros_ws/install/web_video_server/share/web_video_server/environment/ament_prefix_path.dsv
[48.994s] -- Symlinking: /home/DATA/DATN/ros_ws/install/web_video_server/share/web_video_server/environment/path.sh
[49.005s] -- Symlinking: /home/DATA/DATN/ros_ws/install/web_video_server/share/web_video_server/environment/path.dsv
[49.016s] -- Symlinking: /home/DATA/DATN/ros_ws/install/web_video_server/share/web_video_server/local_setup.bash
[49.027s] -- Symlinking: /home/DATA/DATN/ros_ws/install/web_video_server/share/web_video_server/local_setup.sh
[49.038s] -- Symlinking: /home/DATA/DATN/ros_ws/install/web_video_server/share/web_video_server/local_setup.zsh
[49.050s] -- Symlinking: /home/DATA/DATN/ros_ws/install/web_video_server/share/web_video_server/local_setup.dsv
[49.060s] -- Symlinking: /home/DATA/DATN/ros_ws/install/web_video_server/share/web_video_server/package.dsv
[49.070s] -- Symlinking: /home/DATA/DATN/ros_ws/install/web_video_server/share/ament_index/resource_index/packages/web_video_server
[49.083s] -- Symlinking: /home/DATA/DATN/ros_ws/install/web_video_server/share/ament_index/resource_index/rclcpp_components/web_video_server
[49.098s] -- Symlinking: /home/DATA/DATN/ros_ws/install/web_video_server/share/web_video_server/cmake/ament_cmake_export_targets-extras.cmake
[49.111s] -- Symlinking: /home/DATA/DATN/ros_ws/install/web_video_server/share/web_video_server/cmake/web_video_serverConfig.cmake
[49.125s] -- Symlinking: /home/DATA/DATN/ros_ws/install/web_video_server/share/web_video_server/cmake/web_video_serverConfig-version.cmake
[49.141s] -- Symlinking: /home/DATA/DATN/ros_ws/install/web_video_server/share/web_video_server/package.xml
[49.155s] -- Installing: /home/DATA/DATN/ros_ws/install/web_video_server/lib/libweb_video_server.so
[49.165s] -- Set non-toolchain portion of runtime path of "/home/DATA/DATN/ros_ws/install/web_video_server/lib/libweb_video_server.so" to ""
[49.166s] -- Installing: /home/DATA/DATN/ros_ws/install/web_video_server/share/web_video_server/cmake/export_web_video_serverExport.cmake
[49.166s] -- Installing: /home/DATA/DATN/ros_ws/install/web_video_server/share/web_video_server/cmake/export_web_video_serverExport-noconfig.cmake
[49.179s] Invoked command in '/home/DATA/DATN/ros_ws/build/web_video_server' returned '0': CMAKE_PREFIX_PATH=${CMAKE_PREFIX_PATH}:/opt/ros/jazzy DEBUGINFOD_URLS=https://debuginfod.ubuntu.com /usr/bin/cmake --install /home/DATA/DATN/ros_ws/build/web_video_server
