running egg_info
writing ../../build/my_package/my_package.egg-info/PKG-INFO
writing dependency_links to ../../build/my_package/my_package.egg-info/dependency_links.txt
writing entry points to ../../build/my_package/my_package.egg-info/entry_points.txt
writing requirements to ../../build/my_package/my_package.egg-info/requires.txt
writing top-level names to ../../build/my_package/my_package.egg-info/top_level.txt
reading manifest file '../../build/my_package/my_package.egg-info/SOURCES.txt'
writing manifest file '../../build/my_package/my_package.egg-info/SOURCES.txt'
running build
running build_py
copying my_package/color_utils.py -> /home/DATA/DATN/ros_ws/build/my_package/build/lib/my_package
copying my_package/color_processing.py -> /home/DATA/DATN/ros_ws/build/my_package/build/lib/my_package
copying my_package/face_processing.py -> /home/DATA/DATN/ros_ws/build/my_package/build/lib/my_package
copying my_package/gesture_processing.py -> /home/DATA/DATN/ros_ws/build/my_package/build/lib/my_package
copying my_package/controlRobot.py -> /home/DATA/DATN/ros_ws/build/my_package/build/lib/my_package
running install
running install_lib
copying /home/DATA/DATN/ros_ws/build/my_package/build/lib/my_package/color_utils.py -> /home/DATA/DATN/ros_ws/install/my_package/lib/python3.12/site-packages/my_package
copying /home/DATA/DATN/ros_ws/build/my_package/build/lib/my_package/color_processing.py -> /home/DATA/DATN/ros_ws/install/my_package/lib/python3.12/site-packages/my_package
copying /home/DATA/DATN/ros_ws/build/my_package/build/lib/my_package/face_processing.py -> /home/DATA/DATN/ros_ws/install/my_package/lib/python3.12/site-packages/my_package
copying /home/DATA/DATN/ros_ws/build/my_package/build/lib/my_package/gesture_processing.py -> /home/DATA/DATN/ros_ws/install/my_package/lib/python3.12/site-packages/my_package
copying /home/DATA/DATN/ros_ws/build/my_package/build/lib/my_package/controlRobot.py -> /home/DATA/DATN/ros_ws/install/my_package/lib/python3.12/site-packages/my_package
byte-compiling /home/DATA/DATN/ros_ws/install/my_package/lib/python3.12/site-packages/my_package/color_utils.py to color_utils.cpython-312.pyc
byte-compiling /home/DATA/DATN/ros_ws/install/my_package/lib/python3.12/site-packages/my_package/color_processing.py to color_processing.cpython-312.pyc
byte-compiling /home/DATA/DATN/ros_ws/install/my_package/lib/python3.12/site-packages/my_package/face_processing.py to face_processing.cpython-312.pyc
byte-compiling /home/DATA/DATN/ros_ws/install/my_package/lib/python3.12/site-packages/my_package/gesture_processing.py to gesture_processing.cpython-312.pyc
byte-compiling /home/DATA/DATN/ros_ws/install/my_package/lib/python3.12/site-packages/my_package/controlRobot.py to controlRobot.cpython-312.pyc
running install_data
running install_egg_info
removing '/home/DATA/DATN/ros_ws/install/my_package/lib/python3.12/site-packages/my_package-0.0.0-py3.12.egg-info' (and everything under it)
Copying ../../build/my_package/my_package.egg-info to /home/DATA/DATN/ros_ws/install/my_package/lib/python3.12/site-packages/my_package-0.0.0-py3.12.egg-info
running install_scripts
Installing convert script to /home/DATA/DATN/ros_ws/install/my_package/lib/my_package
Installing test script to /home/DATA/DATN/ros_ws/install/my_package/lib/my_package
Installing video script to /home/DATA/DATN/ros_ws/install/my_package/lib/my_package
writing list of installed files to '/home/DATA/DATN/ros_ws/build/my_package/install.log'
