[0.947s] Invoking command in '/home/DATA/DATN/ros_ws/src/my_package': DEBUGINFOD_URLS=https://debuginfod.ubuntu.com PYTHONPATH=/home/DATA/DATN/ros_ws/build/my_package/prefix_override:/usr/lib/python3/dist-packages/colcon_core/task/python/colcon_distutils_commands:/home/DATA/DATN/ros_ws/install/my_package/lib/python3.12/site-packages:${PYTHONPATH} /usr/bin/python3 -W ignore:setup.py install is deprecated setup.py egg_info --egg-base ../../build/my_package build --build-base /home/DATA/DATN/ros_ws/build/my_package/build install --record /home/DATA/DATN/ros_ws/build/my_package/install.log --single-version-externally-managed install_data
[1.310s] running egg_info
[1.335s] writing ../../build/my_package/my_package.egg-info/PKG-INFO
[1.335s] writing dependency_links to ../../build/my_package/my_package.egg-info/dependency_links.txt
[1.336s] writing entry points to ../../build/my_package/my_package.egg-info/entry_points.txt
[1.336s] writing requirements to ../../build/my_package/my_package.egg-info/requires.txt
[1.336s] writing top-level names to ../../build/my_package/my_package.egg-info/top_level.txt
[1.384s] reading manifest file '../../build/my_package/my_package.egg-info/SOURCES.txt'
[1.385s] writing manifest file '../../build/my_package/my_package.egg-info/SOURCES.txt'
[1.385s] running build
[1.385s] running build_py
[1.386s] copying my_package/color_utils.py -> /home/DATA/DATN/ros_ws/build/my_package/build/lib/my_package
[1.386s] copying my_package/color_processing.py -> /home/DATA/DATN/ros_ws/build/my_package/build/lib/my_package
[1.386s] copying my_package/face_processing.py -> /home/DATA/DATN/ros_ws/build/my_package/build/lib/my_package
[1.386s] copying my_package/gesture_processing.py -> /home/DATA/DATN/ros_ws/build/my_package/build/lib/my_package
[1.386s] copying my_package/controlRobot.py -> /home/DATA/DATN/ros_ws/build/my_package/build/lib/my_package
[1.386s] running install
[1.393s] running install_lib
[1.418s] copying /home/DATA/DATN/ros_ws/build/my_package/build/lib/my_package/color_utils.py -> /home/DATA/DATN/ros_ws/install/my_package/lib/python3.12/site-packages/my_package
[1.418s] copying /home/DATA/DATN/ros_ws/build/my_package/build/lib/my_package/color_processing.py -> /home/DATA/DATN/ros_ws/install/my_package/lib/python3.12/site-packages/my_package
[1.418s] copying /home/DATA/DATN/ros_ws/build/my_package/build/lib/my_package/face_processing.py -> /home/DATA/DATN/ros_ws/install/my_package/lib/python3.12/site-packages/my_package
[1.419s] copying /home/DATA/DATN/ros_ws/build/my_package/build/lib/my_package/gesture_processing.py -> /home/DATA/DATN/ros_ws/install/my_package/lib/python3.12/site-packages/my_package
[1.419s] copying /home/DATA/DATN/ros_ws/build/my_package/build/lib/my_package/controlRobot.py -> /home/DATA/DATN/ros_ws/install/my_package/lib/python3.12/site-packages/my_package
[1.419s] byte-compiling /home/DATA/DATN/ros_ws/install/my_package/lib/python3.12/site-packages/my_package/color_utils.py to color_utils.cpython-312.pyc
[1.420s] byte-compiling /home/DATA/DATN/ros_ws/install/my_package/lib/python3.12/site-packages/my_package/color_processing.py to color_processing.cpython-312.pyc
[1.420s] byte-compiling /home/DATA/DATN/ros_ws/install/my_package/lib/python3.12/site-packages/my_package/face_processing.py to face_processing.cpython-312.pyc
[1.421s] byte-compiling /home/DATA/DATN/ros_ws/install/my_package/lib/python3.12/site-packages/my_package/gesture_processing.py to gesture_processing.cpython-312.pyc
[1.421s] byte-compiling /home/DATA/DATN/ros_ws/install/my_package/lib/python3.12/site-packages/my_package/controlRobot.py to controlRobot.cpython-312.pyc
[1.422s] running install_data
[1.422s] running install_egg_info
[1.449s] removing '/home/DATA/DATN/ros_ws/install/my_package/lib/python3.12/site-packages/my_package-0.0.0-py3.12.egg-info' (and everything under it)
[1.449s] Copying ../../build/my_package/my_package.egg-info to /home/DATA/DATN/ros_ws/install/my_package/lib/python3.12/site-packages/my_package-0.0.0-py3.12.egg-info
[1.450s] running install_scripts
[1.607s] Installing convert script to /home/DATA/DATN/ros_ws/install/my_package/lib/my_package
[1.607s] Installing test script to /home/DATA/DATN/ros_ws/install/my_package/lib/my_package
[1.607s] Installing video script to /home/DATA/DATN/ros_ws/install/my_package/lib/my_package
[1.607s] writing list of installed files to '/home/DATA/DATN/ros_ws/build/my_package/install.log'
[1.640s] Invoked command in '/home/DATA/DATN/ros_ws/src/my_package' returned '0': DEBUGINFOD_URLS=https://debuginfod.ubuntu.com PYTHONPATH=/home/DATA/DATN/ros_ws/build/my_package/prefix_override:/usr/lib/python3/dist-packages/colcon_core/task/python/colcon_distutils_commands:/home/DATA/DATN/ros_ws/install/my_package/lib/python3.12/site-packages:${PYTHONPATH} /usr/bin/python3 -W ignore:setup.py install is deprecated setup.py egg_info --egg-base ../../build/my_package build --build-base /home/DATA/DATN/ros_ws/build/my_package/build install --record /home/DATA/DATN/ros_ws/build/my_package/install.log --single-version-externally-managed install_data
