[3.570s] Invoking command in '/home/DATA/DATN/ros_ws/src/my_package': DEBUGINFOD_URLS=https://debuginfod.ubuntu.com PYTHONPATH=/home/DATA/DATN/ros_ws/build/my_package/prefix_override:/usr/lib/python3/dist-packages/colcon_core/task/python/colcon_distutils_commands:/home/DATA/DATN/ros_ws/install/my_package/lib/python3.12/site-packages:${PYTHONPATH} /usr/bin/python3 -W ignore:setup.py install is deprecated setup.py egg_info --egg-base ../../build/my_package build --build-base /home/DATA/DATN/ros_ws/build/my_package/build install --record /home/DATA/DATN/ros_ws/build/my_package/install.log --single-version-externally-managed install_data
[4.612s] running egg_info
[4.701s] writing ../../build/my_package/my_package.egg-info/PKG-INFO
[4.702s] writing dependency_links to ../../build/my_package/my_package.egg-info/dependency_links.txt
[4.702s] writing entry points to ../../build/my_package/my_package.egg-info/entry_points.txt
[4.703s] writing requirements to ../../build/my_package/my_package.egg-info/requires.txt
[4.703s] writing top-level names to ../../build/my_package/my_package.egg-info/top_level.txt
[4.879s] reading manifest file '../../build/my_package/my_package.egg-info/SOURCES.txt'
[4.885s] writing manifest file '../../build/my_package/my_package.egg-info/SOURCES.txt'
[4.887s] running build
[4.888s] running build_py
[4.889s] copying my_package/convertJSON.py -> /home/DATA/DATN/ros_ws/build/my_package/build/lib/my_package
[4.889s] running install
[4.911s] running install_lib
[5.004s] copying /home/DATA/DATN/ros_ws/build/my_package/build/lib/my_package/convertJSON.py -> /home/DATA/DATN/ros_ws/install/my_package/lib/python3.12/site-packages/my_package
[5.006s] byte-compiling /home/DATA/DATN/ros_ws/install/my_package/lib/python3.12/site-packages/my_package/convertJSON.py to convertJSON.cpython-312.pyc
[5.011s] running install_data
[5.012s] running install_egg_info
[5.112s] removing '/home/DATA/DATN/ros_ws/install/my_package/lib/python3.12/site-packages/my_package-0.0.0-py3.12.egg-info' (and everything under it)
[5.112s] Copying ../../build/my_package/my_package.egg-info to /home/DATA/DATN/ros_ws/install/my_package/lib/python3.12/site-packages/my_package-0.0.0-py3.12.egg-info
[5.115s] running install_scripts
[5.679s] Installing convert script to /home/DATA/DATN/ros_ws/install/my_package/lib/my_package
[5.679s] writing list of installed files to '/home/DATA/DATN/ros_ws/build/my_package/install.log'
[5.846s] Invoked command in '/home/DATA/DATN/ros_ws/src/my_package' returned '0': DEBUGINFOD_URLS=https://debuginfod.ubuntu.com PYTHONPATH=/home/DATA/DATN/ros_ws/build/my_package/prefix_override:/usr/lib/python3/dist-packages/colcon_core/task/python/colcon_distutils_commands:/home/DATA/DATN/ros_ws/install/my_package/lib/python3.12/site-packages:${PYTHONPATH} /usr/bin/python3 -W ignore:setup.py install is deprecated setup.py egg_info --egg-base ../../build/my_package build --build-base /home/DATA/DATN/ros_ws/build/my_package/build install --record /home/DATA/DATN/ros_ws/build/my_package/install.log --single-version-externally-managed install_data
