[3.499s] Invoking command in '/home/DATA/DATN/ros_ws/src/my_package': DEBUGINFOD_URLS=https://debuginfod.ubuntu.com PYTHONPATH=/home/DATA/DATN/ros_ws/build/my_package/prefix_override:/usr/lib/python3/dist-packages/colcon_core/task/python/colcon_distutils_commands:/home/DATA/DATN/ros_ws/install/my_package/lib/python3.12/site-packages:${PYTHONPATH} /usr/bin/python3 -W ignore:setup.py install is deprecated setup.py egg_info --egg-base ../../build/my_package build --build-base /home/DATA/DATN/ros_ws/build/my_package/build install --record /home/DATA/DATN/ros_ws/build/my_package/install.log --single-version-externally-managed install_data
[4.681s] running egg_info
[4.772s] writing ../../build/my_package/my_package.egg-info/PKG-INFO
[4.775s] writing dependency_links to ../../build/my_package/my_package.egg-info/dependency_links.txt
[4.777s] writing entry points to ../../build/my_package/my_package.egg-info/entry_points.txt
[4.778s] writing requirements to ../../build/my_package/my_package.egg-info/requires.txt
[4.779s] writing top-level names to ../../build/my_package/my_package.egg-info/top_level.txt
[4.976s] reading manifest file '../../build/my_package/my_package.egg-info/SOURCES.txt'
[4.979s] writing manifest file '../../build/my_package/my_package.egg-info/SOURCES.txt'
[4.979s] running build
[4.980s] running build_py
[4.980s] copying my_package/convertJSON.py -> /home/DATA/DATN/ros_ws/build/my_package/build/lib/my_package
[4.981s] running install
[5.007s] running install_lib
[5.094s] copying /home/DATA/DATN/ros_ws/build/my_package/build/lib/my_package/convertJSON.py -> /home/DATA/DATN/ros_ws/install/my_package/lib/python3.12/site-packages/my_package
[5.096s] byte-compiling /home/DATA/DATN/ros_ws/install/my_package/lib/python3.12/site-packages/my_package/convertJSON.py to convertJSON.cpython-312.pyc
[5.097s] running install_data
[5.097s] running install_egg_info
[5.201s] removing '/home/DATA/DATN/ros_ws/install/my_package/lib/python3.12/site-packages/my_package-0.0.0-py3.12.egg-info' (and everything under it)
[5.201s] Copying ../../build/my_package/my_package.egg-info to /home/DATA/DATN/ros_ws/install/my_package/lib/python3.12/site-packages/my_package-0.0.0-py3.12.egg-info
[5.203s] running install_scripts
[5.766s] Installing convert script to /home/DATA/DATN/ros_ws/install/my_package/lib/my_package
[5.769s] writing list of installed files to '/home/DATA/DATN/ros_ws/build/my_package/install.log'
[5.920s] Invoked command in '/home/DATA/DATN/ros_ws/src/my_package' returned '0': DEBUGINFOD_URLS=https://debuginfod.ubuntu.com PYTHONPATH=/home/DATA/DATN/ros_ws/build/my_package/prefix_override:/usr/lib/python3/dist-packages/colcon_core/task/python/colcon_distutils_commands:/home/DATA/DATN/ros_ws/install/my_package/lib/python3.12/site-packages:${PYTHONPATH} /usr/bin/python3 -W ignore:setup.py install is deprecated setup.py egg_info --egg-base ../../build/my_package build --build-base /home/DATA/DATN/ros_ws/build/my_package/build install --record /home/DATA/DATN/ros_ws/build/my_package/install.log --single-version-externally-managed install_data
