[1.044s] Invoking command in '/home/DATA/DATN/ros_ws/src/my_package': DEBUGINFOD_URLS=https://debuginfod.ubuntu.com PYTHONPATH=/home/DATA/DATN/ros_ws/build/my_package/prefix_override:/usr/lib/python3/dist-packages/colcon_core/task/python/colcon_distutils_commands:/home/DATA/DATN/ros_ws/install/my_package/lib/python3.12/site-packages:${PYTHONPATH} /usr/bin/python3 -W ignore:setup.py install is deprecated setup.py egg_info --egg-base ../../build/my_package build --build-base /home/DATA/DATN/ros_ws/build/my_package/build install --record /home/DATA/DATN/ros_ws/build/my_package/install.log --single-version-externally-managed install_data
[1.384s] running egg_info
[1.410s] writing ../../build/my_package/my_package.egg-info/PKG-INFO
[1.410s] writing dependency_links to ../../build/my_package/my_package.egg-info/dependency_links.txt
[1.411s] writing entry points to ../../build/my_package/my_package.egg-info/entry_points.txt
[1.411s] writing requirements to ../../build/my_package/my_package.egg-info/requires.txt
[1.411s] writing top-level names to ../../build/my_package/my_package.egg-info/top_level.txt
[1.462s] reading manifest file '../../build/my_package/my_package.egg-info/SOURCES.txt'
[1.463s] writing manifest file '../../build/my_package/my_package.egg-info/SOURCES.txt'
[1.464s] running build
[1.464s] running build_py
[1.464s] copying my_package/testVideo.py -> /home/DATA/DATN/ros_ws/build/my_package/build/lib/my_package
[1.464s] running install
[1.472s] running install_lib
[1.497s] copying /home/DATA/DATN/ros_ws/build/my_package/build/lib/my_package/testVideo.py -> /home/DATA/DATN/ros_ws/install/my_package/lib/python3.12/site-packages/my_package
[1.498s] byte-compiling /home/DATA/DATN/ros_ws/install/my_package/lib/python3.12/site-packages/my_package/testVideo.py to testVideo.cpython-312.pyc
[1.499s] running install_data
[1.499s] running install_egg_info
[1.527s] removing '/home/DATA/DATN/ros_ws/install/my_package/lib/python3.12/site-packages/my_package-0.0.0-py3.12.egg-info' (and everything under it)
[1.527s] Copying ../../build/my_package/my_package.egg-info to /home/DATA/DATN/ros_ws/install/my_package/lib/python3.12/site-packages/my_package-0.0.0-py3.12.egg-info
[1.528s] running install_scripts
[1.695s] Installing convert script to /home/DATA/DATN/ros_ws/install/my_package/lib/my_package
[1.696s] Installing video script to /home/DATA/DATN/ros_ws/install/my_package/lib/my_package
[1.696s] writing list of installed files to '/home/DATA/DATN/ros_ws/build/my_package/install.log'
[1.735s] Invoked command in '/home/DATA/DATN/ros_ws/src/my_package' returned '0': DEBUGINFOD_URLS=https://debuginfod.ubuntu.com PYTHONPATH=/home/DATA/DATN/ros_ws/build/my_package/prefix_override:/usr/lib/python3/dist-packages/colcon_core/task/python/colcon_distutils_commands:/home/DATA/DATN/ros_ws/install/my_package/lib/python3.12/site-packages:${PYTHONPATH} /usr/bin/python3 -W ignore:setup.py install is deprecated setup.py egg_info --egg-base ../../build/my_package build --build-base /home/DATA/DATN/ros_ws/build/my_package/build install --record /home/DATA/DATN/ros_ws/build/my_package/install.log --single-version-externally-managed install_data
