[0.015s] Invoking command in '/home/DATA/DATN/ros_ws/build/web_video_server': CMAKE_PREFIX_PATH=${CMAKE_PREFIX_PATH}:/opt/ros/jazzy DEBUGINFOD_URLS=https://debuginfod.ubuntu.com /usr/bin/cmake /home/DATA/DATN/ros_ws/src/web_video_server -DCMAKE_INSTALL_PREFIX=/home/DATA/DATN/ros_ws/install/web_video_server
[0.069s] -- Found ament_cmake_ros: 0.12.0 (/opt/ros/jazzy/share/ament_cmake_ros/cmake)
[0.308s] -- Override CMake install command with custom implementation using symlinks instead of copying resources
[0.330s] -- Found async_web_server_cpp: 2.0.0 (/opt/ros/jazzy/share/async_web_server_cpp/cmake)
[0.351s] -- Found Boost: /usr/lib/x86_64-linux-gnu/cmake/Boost-1.83.0/BoostConfig.cmake (found suitable version "1.83.0", minimum required is "1.83.0") found components: filesystem regex thread 
[0.358s] -- Found cv_bridge: 4.1.0 (/opt/ros/jazzy/share/cv_bridge/cmake)
[0.449s] -- Found rosidl_generator_c: 4.6.4 (/opt/ros/jazzy/share/rosidl_generator_c/cmake)
[0.467s] -- Found rosidl_generator_cpp: 4.6.4 (/opt/ros/jazzy/share/rosidl_generator_cpp/cmake)
[0.496s] -- Using all available rosidl_typesupport_c: rosidl_typesupport_fastrtps_c;rosidl_typesupport_introspection_c
[0.520s] -- Using all available rosidl_typesupport_cpp: rosidl_typesupport_fastrtps_cpp;rosidl_typesupport_introspection_cpp
[0.719s] -- Found rmw_implementation_cmake: 7.3.1 (/opt/ros/jazzy/share/rmw_implementation_cmake/cmake)
[0.723s] -- Found rmw_fastrtps_cpp: 8.4.1 (/opt/ros/jazzy/share/rmw_fastrtps_cpp/cmake)
[0.822s] -- Using RMW implementation 'rmw_fastrtps_cpp' as default
[0.915s] -- Found image_transport: 5.1.4 (/opt/ros/jazzy/share/image_transport/cmake)
[0.937s] -- Found rclcpp_components: 28.1.5 (/opt/ros/jazzy/share/rclcpp_components/cmake)
[0.980s] -- Found Boost: /usr/lib/x86_64-linux-gnu/cmake/Boost-1.83.0/BoostConfig.cmake (found version "1.83.0") found components: system 
[0.990s] -- Found ament_lint_auto: 0.17.1 (/opt/ros/jazzy/share/ament_lint_auto/cmake)
[1.097s] -- Added test 'copyright' to check source files copyright and LICENSE
[1.105s] -- Added test 'cpplint' to check C / C++ code against the Google style
[1.106s] -- Configured cpplint exclude dirs and/or files: 
[1.108s] -- Added test 'lint_cmake' to check CMake code style
[1.110s] -- Added test 'xmllint' to check XML markup files
[1.116s] -- Added test 'uncrustify' to check C / C++ code style
[1.116s] -- Configured uncrustify additional arguments: 
[1.120s] -- Configuring done (1.1s)
[1.161s] -- Generating done (0.0s)
[1.164s] -- Build files have been written to: /home/DATA/DATN/ros_ws/build/web_video_server
[1.175s] Invoked command in '/home/DATA/DATN/ros_ws/build/web_video_server' returned '0': CMAKE_PREFIX_PATH=${CMAKE_PREFIX_PATH}:/opt/ros/jazzy DEBUGINFOD_URLS=https://debuginfod.ubuntu.com /usr/bin/cmake /home/DATA/DATN/ros_ws/src/web_video_server -DCMAKE_INSTALL_PREFIX=/home/DATA/DATN/ros_ws/install/web_video_server
[1.175s] Invoking command in '/home/DATA/DATN/ros_ws/build/web_video_server': CMAKE_PREFIX_PATH=${CMAKE_PREFIX_PATH}:/opt/ros/jazzy DEBUGINFOD_URLS=https://debuginfod.ubuntu.com /usr/bin/cmake --build /home/DATA/DATN/ros_ws/build/web_video_server -- -j8 -l8
[1.428s] [ 85%] Built target web_video_server
[1.479s] [100%] Built target web_video_server_node
[1.491s] Invoked command in '/home/DATA/DATN/ros_ws/build/web_video_server' returned '0': CMAKE_PREFIX_PATH=${CMAKE_PREFIX_PATH}:/opt/ros/jazzy DEBUGINFOD_URLS=https://debuginfod.ubuntu.com /usr/bin/cmake --build /home/DATA/DATN/ros_ws/build/web_video_server -- -j8 -l8
[1.536s] Invoking command in '/home/DATA/DATN/ros_ws/build/web_video_server': CMAKE_PREFIX_PATH=${CMAKE_PREFIX_PATH}:/opt/ros/jazzy DEBUGINFOD_URLS=https://debuginfod.ubuntu.com /usr/bin/cmake --install /home/DATA/DATN/ros_ws/build/web_video_server
[1.544s] -- Install configuration: ""
[1.544s] -- Execute custom install script
[1.545s] -- Up-to-date symlink: /home/DATA/DATN/ros_ws/install/web_video_server/include/web_video_server/web_video_server/h264_streamer.hpp
[1.545s] -- Up-to-date symlink: /home/DATA/DATN/ros_ws/install/web_video_server/include/web_video_server/web_video_server/image_streamer.hpp
[1.545s] -- Up-to-date symlink: /home/DATA/DATN/ros_ws/install/web_video_server/include/web_video_server/web_video_server/jpeg_streamers.hpp
[1.546s] -- Up-to-date symlink: /home/DATA/DATN/ros_ws/install/web_video_server/include/web_video_server/web_video_server/libav_streamer.hpp
[1.546s] -- Up-to-date symlink: /home/DATA/DATN/ros_ws/install/web_video_server/include/web_video_server/web_video_server/multipart_stream.hpp
[1.546s] -- Up-to-date symlink: /home/DATA/DATN/ros_ws/install/web_video_server/include/web_video_server/web_video_server/png_streamers.hpp
[1.546s] -- Up-to-date symlink: /home/DATA/DATN/ros_ws/install/web_video_server/include/web_video_server/web_video_server/ros_compressed_streamer.hpp
[1.546s] -- Up-to-date symlink: /home/DATA/DATN/ros_ws/install/web_video_server/include/web_video_server/web_video_server/utils.hpp
[1.546s] -- Up-to-date symlink: /home/DATA/DATN/ros_ws/install/web_video_server/include/web_video_server/web_video_server/vp8_streamer.hpp
[1.547s] -- Up-to-date symlink: /home/DATA/DATN/ros_ws/install/web_video_server/include/web_video_server/web_video_server/vp9_streamer.hpp
[1.547s] -- Up-to-date symlink: /home/DATA/DATN/ros_ws/install/web_video_server/include/web_video_server/web_video_server/web_video_server.hpp
[1.547s] -- Up-to-date symlink: /home/DATA/DATN/ros_ws/install/web_video_server/share/web_video_server/environment/library_path.sh
[1.547s] -- Up-to-date symlink: /home/DATA/DATN/ros_ws/install/web_video_server/share/web_video_server/environment/library_path.dsv
[1.547s] -- Up-to-date symlink: /home/DATA/DATN/ros_ws/install/web_video_server/lib/web_video_server/web_video_server
[1.547s] -- Up-to-date symlink: /home/DATA/DATN/ros_ws/install/web_video_server/share/ament_index/resource_index/package_run_dependencies/web_video_server
[1.548s] -- Up-to-date symlink: /home/DATA/DATN/ros_ws/install/web_video_server/share/ament_index/resource_index/parent_prefix_path/web_video_server
[1.548s] -- Up-to-date symlink: /home/DATA/DATN/ros_ws/install/web_video_server/share/web_video_server/environment/ament_prefix_path.sh
[1.548s] -- Up-to-date symlink: /home/DATA/DATN/ros_ws/install/web_video_server/share/web_video_server/environment/ament_prefix_path.dsv
[1.548s] -- Up-to-date symlink: /home/DATA/DATN/ros_ws/install/web_video_server/share/web_video_server/environment/path.sh
[1.548s] -- Up-to-date symlink: /home/DATA/DATN/ros_ws/install/web_video_server/share/web_video_server/environment/path.dsv
[1.549s] -- Up-to-date symlink: /home/DATA/DATN/ros_ws/install/web_video_server/share/web_video_server/local_setup.bash
[1.549s] -- Up-to-date symlink: /home/DATA/DATN/ros_ws/install/web_video_server/share/web_video_server/local_setup.sh
[1.549s] -- Up-to-date symlink: /home/DATA/DATN/ros_ws/install/web_video_server/share/web_video_server/local_setup.zsh
[1.549s] -- Up-to-date symlink: /home/DATA/DATN/ros_ws/install/web_video_server/share/web_video_server/local_setup.dsv
[1.549s] -- Symlinking: /home/DATA/DATN/ros_ws/install/web_video_server/share/web_video_server/package.dsv
[1.560s] -- Up-to-date symlink: /home/DATA/DATN/ros_ws/install/web_video_server/share/ament_index/resource_index/packages/web_video_server
[1.560s] -- Up-to-date symlink: /home/DATA/DATN/ros_ws/install/web_video_server/share/ament_index/resource_index/rclcpp_components/web_video_server
[1.560s] -- Up-to-date symlink: /home/DATA/DATN/ros_ws/install/web_video_server/share/web_video_server/cmake/ament_cmake_export_targets-extras.cmake
[1.560s] -- Up-to-date symlink: /home/DATA/DATN/ros_ws/install/web_video_server/share/web_video_server/cmake/web_video_serverConfig.cmake
[1.561s] -- Up-to-date symlink: /home/DATA/DATN/ros_ws/install/web_video_server/share/web_video_server/cmake/web_video_serverConfig-version.cmake
[1.561s] -- Up-to-date symlink: /home/DATA/DATN/ros_ws/install/web_video_server/share/web_video_server/package.xml
[1.561s] -- Up-to-date: /home/DATA/DATN/ros_ws/install/web_video_server/lib/libweb_video_server.so
[1.562s] -- Up-to-date: /home/DATA/DATN/ros_ws/install/web_video_server/share/web_video_server/cmake/export_web_video_serverExport.cmake
[1.562s] -- Up-to-date: /home/DATA/DATN/ros_ws/install/web_video_server/share/web_video_server/cmake/export_web_video_serverExport-noconfig.cmake
[1.564s] Invoked command in '/home/DATA/DATN/ros_ws/build/web_video_server' returned '0': CMAKE_PREFIX_PATH=${CMAKE_PREFIX_PATH}:/opt/ros/jazzy DEBUGINFOD_URLS=https://debuginfod.ubuntu.com /usr/bin/cmake --install /home/DATA/DATN/ros_ws/build/web_video_server
