[1.440s] Invoking command in '/home/DATA/DATN/ros_ws/src/my_package': DEBUGINFOD_URLS=https://debuginfod.ubuntu.com PYTHONPATH=/home/DATA/DATN/ros_ws/build/my_package/prefix_override:/usr/lib/python3/dist-packages/colcon_core/task/python/colcon_distutils_commands:/home/DATA/DATN/ros_ws/install/my_package/lib/python3.12/site-packages:${PYTHONPATH} /usr/bin/python3 -W ignore:setup.py install is deprecated setup.py egg_info --egg-base ../../build/my_package build --build-base /home/DATA/DATN/ros_ws/build/my_package/build install --record /home/DATA/DATN/ros_ws/build/my_package/install.log --single-version-externally-managed install_data
[1.911s] running egg_info
[1.954s] writing ../../build/my_package/my_package.egg-info/PKG-INFO
[1.955s] writing dependency_links to ../../build/my_package/my_package.egg-info/dependency_links.txt
[1.955s] writing entry points to ../../build/my_package/my_package.egg-info/entry_points.txt
[1.956s] writing requirements to ../../build/my_package/my_package.egg-info/requires.txt
[1.956s] writing top-level names to ../../build/my_package/my_package.egg-info/top_level.txt
[2.047s] reading manifest file '../../build/my_package/my_package.egg-info/SOURCES.txt'
[2.049s] writing manifest file '../../build/my_package/my_package.egg-info/SOURCES.txt'
[2.049s] running build
[2.049s] running build_py
[2.051s] copying my_package/convertJSON.py -> /home/DATA/DATN/ros_ws/build/my_package/build/lib/my_package
[2.052s] running install
[2.063s] running install_lib
[2.094s] copying /home/DATA/DATN/ros_ws/build/my_package/build/lib/my_package/convertJSON.py -> /home/DATA/DATN/ros_ws/install/my_package/lib/python3.12/site-packages/my_package
[2.095s] byte-compiling /home/DATA/DATN/ros_ws/install/my_package/lib/python3.12/site-packages/my_package/convertJSON.py to convertJSON.cpython-312.pyc
[2.096s] running install_data
[2.096s] running install_egg_info
[2.143s] removing '/home/DATA/DATN/ros_ws/install/my_package/lib/python3.12/site-packages/my_package-0.0.0-py3.12.egg-info' (and everything under it)
[2.143s] Copying ../../build/my_package/my_package.egg-info to /home/DATA/DATN/ros_ws/install/my_package/lib/python3.12/site-packages/my_package-0.0.0-py3.12.egg-info
[2.144s] running install_scripts
[2.376s] Installing convert script to /home/DATA/DATN/ros_ws/install/my_package/lib/my_package
[2.377s] writing list of installed files to '/home/DATA/DATN/ros_ws/build/my_package/install.log'
[2.436s] Invoked command in '/home/DATA/DATN/ros_ws/src/my_package' returned '0': DEBUGINFOD_URLS=https://debuginfod.ubuntu.com PYTHONPATH=/home/DATA/DATN/ros_ws/build/my_package/prefix_override:/usr/lib/python3/dist-packages/colcon_core/task/python/colcon_distutils_commands:/home/DATA/DATN/ros_ws/install/my_package/lib/python3.12/site-packages:${PYTHONPATH} /usr/bin/python3 -W ignore:setup.py install is deprecated setup.py egg_info --egg-base ../../build/my_package build --build-base /home/DATA/DATN/ros_ws/build/my_package/build install --record /home/DATA/DATN/ros_ws/build/my_package/install.log --single-version-externally-managed install_data
