[3.639s] Invoking command in '/home/DATA/DATN/ros_ws/src/my_package': DEBUGINFOD_URLS=https://debuginfod.ubuntu.com PYTHONPATH=/home/DATA/DATN/ros_ws/build/my_package/prefix_override:/usr/lib/python3/dist-packages/colcon_core/task/python/colcon_distutils_commands:/home/DATA/DATN/ros_ws/install/my_package/lib/python3.12/site-packages:${PYTHONPATH} /usr/bin/python3 -W ignore:setup.py install is deprecated setup.py egg_info --egg-base ../../build/my_package build --build-base /home/DATA/DATN/ros_ws/build/my_package/build install --record /home/DATA/DATN/ros_ws/build/my_package/install.log --single-version-externally-managed install_data
[4.813s] running egg_info
[4.892s] writing ../../build/my_package/my_package.egg-info/PKG-INFO
[4.893s] writing dependency_links to ../../build/my_package/my_package.egg-info/dependency_links.txt
[4.893s] writing entry points to ../../build/my_package/my_package.egg-info/entry_points.txt
[4.893s] writing requirements to ../../build/my_package/my_package.egg-info/requires.txt
[4.893s] writing top-level names to ../../build/my_package/my_package.egg-info/top_level.txt
[5.070s] reading manifest file '../../build/my_package/my_package.egg-info/SOURCES.txt'
[5.073s] writing manifest file '../../build/my_package/my_package.egg-info/SOURCES.txt'
[5.073s] running build
[5.074s] running build_py
[5.074s] copying my_package/convertJSON.py -> /home/DATA/DATN/ros_ws/build/my_package/build/lib/my_package
[5.075s] running install
[5.098s] running install_lib
[5.202s] copying /home/DATA/DATN/ros_ws/build/my_package/build/lib/my_package/convertJSON.py -> /home/DATA/DATN/ros_ws/install/my_package/lib/python3.12/site-packages/my_package
[5.203s] byte-compiling /home/DATA/DATN/ros_ws/install/my_package/lib/python3.12/site-packages/my_package/convertJSON.py to convertJSON.cpython-312.pyc
[5.205s] running install_data
[5.205s] running install_egg_info
[5.298s] removing '/home/DATA/DATN/ros_ws/install/my_package/lib/python3.12/site-packages/my_package-0.0.0-py3.12.egg-info' (and everything under it)
[5.298s] Copying ../../build/my_package/my_package.egg-info to /home/DATA/DATN/ros_ws/install/my_package/lib/python3.12/site-packages/my_package-0.0.0-py3.12.egg-info
[5.301s] running install_scripts
[5.876s] Installing convert script to /home/DATA/DATN/ros_ws/install/my_package/lib/my_package
[5.877s] writing list of installed files to '/home/DATA/DATN/ros_ws/build/my_package/install.log'
[6.088s] Invoked command in '/home/DATA/DATN/ros_ws/src/my_package' returned '0': DEBUGINFOD_URLS=https://debuginfod.ubuntu.com PYTHONPATH=/home/DATA/DATN/ros_ws/build/my_package/prefix_override:/usr/lib/python3/dist-packages/colcon_core/task/python/colcon_distutils_commands:/home/DATA/DATN/ros_ws/install/my_package/lib/python3.12/site-packages:${PYTHONPATH} /usr/bin/python3 -W ignore:setup.py install is deprecated setup.py egg_info --egg-base ../../build/my_package build --build-base /home/DATA/DATN/ros_ws/build/my_package/build install --record /home/DATA/DATN/ros_ws/build/my_package/install.log --single-version-externally-managed install_data
