[2.041s] Invoking command in '/home/DATA/DATN/ros_ws/src/my_package': DEBUGINFOD_URLS=https://debuginfod.ubuntu.com PYTHONPATH=/home/DATA/DATN/ros_ws/build/my_package/prefix_override:/usr/lib/python3/dist-packages/colcon_core/task/python/colcon_distutils_commands:/home/DATA/DATN/ros_ws/install/my_package/lib/python3.12/site-packages:${PYTHONPATH} /usr/bin/python3 -W ignore:setup.py install is deprecated setup.py egg_info --egg-base ../../build/my_package build --build-base /home/DATA/DATN/ros_ws/build/my_package/build install --record /home/DATA/DATN/ros_ws/build/my_package/install.log --single-version-externally-managed install_data
[2.675s] running egg_info
[2.722s] writing ../../build/my_package/my_package.egg-info/PKG-INFO
[2.722s] writing dependency_links to ../../build/my_package/my_package.egg-info/dependency_links.txt
[2.723s] writing entry points to ../../build/my_package/my_package.egg-info/entry_points.txt
[2.723s] writing requirements to ../../build/my_package/my_package.egg-info/requires.txt
[2.724s] writing top-level names to ../../build/my_package/my_package.egg-info/top_level.txt
[2.819s] reading manifest file '../../build/my_package/my_package.egg-info/SOURCES.txt'
[2.821s] writing manifest file '../../build/my_package/my_package.egg-info/SOURCES.txt'
[2.821s] running build
[2.821s] running build_py
[2.822s] copying my_package/ocupanGrid.py -> /home/DATA/DATN/ros_ws/build/my_package/build/lib/my_package
[2.822s] running install
[2.834s] running install_lib
[2.888s] copying /home/DATA/DATN/ros_ws/build/my_package/build/lib/my_package/ocupanGrid.py -> /home/DATA/DATN/ros_ws/install/my_package/lib/python3.12/site-packages/my_package
[2.888s] byte-compiling /home/DATA/DATN/ros_ws/install/my_package/lib/python3.12/site-packages/my_package/ocupanGrid.py to ocupanGrid.cpython-312.pyc
[2.890s] running install_data
[2.894s] running install_egg_info
[2.951s] removing '/home/DATA/DATN/ros_ws/install/my_package/lib/python3.12/site-packages/my_package-0.0.0-py3.12.egg-info' (and everything under it)
[2.952s] Copying ../../build/my_package/my_package.egg-info to /home/DATA/DATN/ros_ws/install/my_package/lib/python3.12/site-packages/my_package-0.0.0-py3.12.egg-info
[2.953s] running install_scripts
[3.256s] Installing convert script to /home/DATA/DATN/ros_ws/install/my_package/lib/my_package
[3.256s] Installing mapSend script to /home/DATA/DATN/ros_ws/install/my_package/lib/my_package
[3.256s] Installing test script to /home/DATA/DATN/ros_ws/install/my_package/lib/my_package
[3.257s] Installing video script to /home/DATA/DATN/ros_ws/install/my_package/lib/my_package
[3.257s] writing list of installed files to '/home/DATA/DATN/ros_ws/build/my_package/install.log'
[3.342s] Invoked command in '/home/DATA/DATN/ros_ws/src/my_package' returned '0': DEBUGINFOD_URLS=https://debuginfod.ubuntu.com PYTHONPATH=/home/DATA/DATN/ros_ws/build/my_package/prefix_override:/usr/lib/python3/dist-packages/colcon_core/task/python/colcon_distutils_commands:/home/DATA/DATN/ros_ws/install/my_package/lib/python3.12/site-packages:${PYTHONPATH} /usr/bin/python3 -W ignore:setup.py install is deprecated setup.py egg_info --egg-base ../../build/my_package build --build-base /home/DATA/DATN/ros_ws/build/my_package/build install --record /home/DATA/DATN/ros_ws/build/my_package/install.log --single-version-externally-managed install_data
