[2.301s] Invoking command in '/home/DATA/DATN/ros_ws/src/my_package': DEBUGINFOD_URLS=https://debuginfod.ubuntu.com PYTHONPATH=/home/DATA/DATN/ros_ws/build/my_package/prefix_override:/usr/lib/python3/dist-packages/colcon_core/task/python/colcon_distutils_commands:/home/DATA/DATN/ros_ws/install/my_package/lib/python3.12/site-packages:${PYTHONPATH} /usr/bin/python3 -W ignore:setup.py install is deprecated setup.py egg_info --egg-base ../../build/my_package build --build-base /home/DATA/DATN/ros_ws/build/my_package/build install --record /home/DATA/DATN/ros_ws/build/my_package/install.log --single-version-externally-managed install_data
[3.032s] running egg_info
[3.094s] writing ../../build/my_package/my_package.egg-info/PKG-INFO
[3.094s] writing dependency_links to ../../build/my_package/my_package.egg-info/dependency_links.txt
[3.095s] writing entry points to ../../build/my_package/my_package.egg-info/entry_points.txt
[3.095s] writing requirements to ../../build/my_package/my_package.egg-info/requires.txt
[3.095s] writing top-level names to ../../build/my_package/my_package.egg-info/top_level.txt
[3.210s] reading manifest file '../../build/my_package/my_package.egg-info/SOURCES.txt'
[3.212s] writing manifest file '../../build/my_package/my_package.egg-info/SOURCES.txt'
[3.213s] running build
[3.213s] running build_py
[3.213s] copying my_package/ocupanGrid.py -> /home/DATA/DATN/ros_ws/build/my_package/build/lib/my_package
[3.214s] running install
[3.229s] running install_lib
[3.283s] copying /home/DATA/DATN/ros_ws/build/my_package/build/lib/my_package/ocupanGrid.py -> /home/DATA/DATN/ros_ws/install/my_package/lib/python3.12/site-packages/my_package
[3.287s] byte-compiling /home/DATA/DATN/ros_ws/install/my_package/lib/python3.12/site-packages/my_package/ocupanGrid.py to ocupanGrid.cpython-312.pyc
[3.289s] running install_data
[3.290s] running install_egg_info
[3.356s] removing '/home/DATA/DATN/ros_ws/install/my_package/lib/python3.12/site-packages/my_package-0.0.0-py3.12.egg-info' (and everything under it)
[3.356s] Copying ../../build/my_package/my_package.egg-info to /home/DATA/DATN/ros_ws/install/my_package/lib/python3.12/site-packages/my_package-0.0.0-py3.12.egg-info
[3.360s] running install_scripts
[3.729s] Installing convert script to /home/DATA/DATN/ros_ws/install/my_package/lib/my_package
[3.729s] Installing mapSend script to /home/DATA/DATN/ros_ws/install/my_package/lib/my_package
[3.729s] Installing test script to /home/DATA/DATN/ros_ws/install/my_package/lib/my_package
[3.730s] Installing video script to /home/DATA/DATN/ros_ws/install/my_package/lib/my_package
[3.730s] writing list of installed files to '/home/DATA/DATN/ros_ws/build/my_package/install.log'
[3.834s] Invoked command in '/home/DATA/DATN/ros_ws/src/my_package' returned '0': DEBUGINFOD_URLS=https://debuginfod.ubuntu.com PYTHONPATH=/home/DATA/DATN/ros_ws/build/my_package/prefix_override:/usr/lib/python3/dist-packages/colcon_core/task/python/colcon_distutils_commands:/home/DATA/DATN/ros_ws/install/my_package/lib/python3.12/site-packages:${PYTHONPATH} /usr/bin/python3 -W ignore:setup.py install is deprecated setup.py egg_info --egg-base ../../build/my_package build --build-base /home/DATA/DATN/ros_ws/build/my_package/build install --record /home/DATA/DATN/ros_ws/build/my_package/install.log --single-version-externally-managed install_data
