[0.944s] Invoking command in '/home/DATA/DATN/ros_ws/src/my_package': DEBUGINFOD_URLS=https://debuginfod.ubuntu.com PYTHONPATH=/home/DATA/DATN/ros_ws/build/my_package/prefix_override:/usr/lib/python3/dist-packages/colcon_core/task/python/colcon_distutils_commands:/home/DATA/DATN/ros_ws/install/my_package/lib/python3.12/site-packages:${PYTHONPATH} /usr/bin/python3 -W ignore:setup.py install is deprecated setup.py egg_info --egg-base ../../build/my_package build --build-base /home/DATA/DATN/ros_ws/build/my_package/build install --record /home/DATA/DATN/ros_ws/build/my_package/install.log --single-version-externally-managed install_data
[1.266s] running egg_info
[1.291s] writing ../../build/my_package/my_package.egg-info/PKG-INFO
[1.291s] writing dependency_links to ../../build/my_package/my_package.egg-info/dependency_links.txt
[1.291s] writing entry points to ../../build/my_package/my_package.egg-info/entry_points.txt
[1.291s] writing requirements to ../../build/my_package/my_package.egg-info/requires.txt
[1.292s] writing top-level names to ../../build/my_package/my_package.egg-info/top_level.txt
[1.343s] reading manifest file '../../build/my_package/my_package.egg-info/SOURCES.txt'
[1.344s] writing manifest file '../../build/my_package/my_package.egg-info/SOURCES.txt'
[1.344s] running build
[1.344s] running build_py
[1.344s] copying my_package/color_utils.py -> /home/DATA/DATN/ros_ws/build/my_package/build/lib/my_package
[1.344s] running install
[1.351s] running install_lib
[1.376s] copying /home/DATA/DATN/ros_ws/build/my_package/build/lib/my_package/color_utils.py -> /home/DATA/DATN/ros_ws/install/my_package/lib/python3.12/site-packages/my_package
[1.377s] byte-compiling /home/DATA/DATN/ros_ws/install/my_package/lib/python3.12/site-packages/my_package/color_utils.py to color_utils.cpython-312.pyc
[1.377s] running install_data
[1.377s] running install_egg_info
[1.403s] removing '/home/DATA/DATN/ros_ws/install/my_package/lib/python3.12/site-packages/my_package-0.0.0-py3.12.egg-info' (and everything under it)
[1.403s] Copying ../../build/my_package/my_package.egg-info to /home/DATA/DATN/ros_ws/install/my_package/lib/python3.12/site-packages/my_package-0.0.0-py3.12.egg-info
[1.404s] running install_scripts
[1.563s] Installing convert script to /home/DATA/DATN/ros_ws/install/my_package/lib/my_package
[1.563s] Installing test script to /home/DATA/DATN/ros_ws/install/my_package/lib/my_package
[1.563s] Installing video script to /home/DATA/DATN/ros_ws/install/my_package/lib/my_package
[1.563s] writing list of installed files to '/home/DATA/DATN/ros_ws/build/my_package/install.log'
[1.608s] Invoked command in '/home/DATA/DATN/ros_ws/src/my_package' returned '0': DEBUGINFOD_URLS=https://debuginfod.ubuntu.com PYTHONPATH=/home/DATA/DATN/ros_ws/build/my_package/prefix_override:/usr/lib/python3/dist-packages/colcon_core/task/python/colcon_distutils_commands:/home/DATA/DATN/ros_ws/install/my_package/lib/python3.12/site-packages:${PYTHONPATH} /usr/bin/python3 -W ignore:setup.py install is deprecated setup.py egg_info --egg-base ../../build/my_package build --build-base /home/DATA/DATN/ros_ws/build/my_package/build install --record /home/DATA/DATN/ros_ws/build/my_package/install.log --single-version-externally-managed install_data
