[0.014s] Invoking command in '/home/DATA/DATN/ros_ws/build/my_bot': CMAKE_PREFIX_PATH=${CMAKE_PREFIX_PATH}:/opt/ros/jazzy DEBUGINFOD_URLS=https://debuginfod.ubuntu.com /usr/bin/cmake --build /home/DATA/DATN/ros_ws/build/my_bot -- -j8 -l8
[0.112s] Invoked command in '/home/DATA/DATN/ros_ws/build/my_bot' returned '0': CMAKE_PREFIX_PATH=${CMAKE_PREFIX_PATH}:/opt/ros/jazzy DEBUGINFOD_URLS=https://debuginfod.ubuntu.com /usr/bin/cmake --build /home/DATA/DATN/ros_ws/build/my_bot -- -j8 -l8
[0.149s] Invoking command in '/home/DATA/DATN/ros_ws/build/my_bot': CMAKE_PREFIX_PATH=${CMAKE_PREFIX_PATH}:/opt/ros/jazzy DEBUGINFOD_URLS=https://debuginfod.ubuntu.com /usr/bin/cmake --install /home/DATA/DATN/ros_ws/build/my_bot
[0.161s] -- Install configuration: ""
[0.165s] -- Execute custom install script
[0.170s] -- Up-to-date symlink: /home/DATA/DATN/ros_ws/install/my_bot/share/my_bot/config/empty.yaml
[0.170s] -- Symlinking: /home/DATA/DATN/ros_ws/install/my_bot/share/my_bot/config/view_bot.rviz
[0.183s] -- Up-to-date symlink: /home/DATA/DATN/ros_ws/install/my_bot/share/my_bot/description/inertial_macros.xacro
[0.183s] -- Up-to-date symlink: /home/DATA/DATN/ros_ws/install/my_bot/share/my_bot/description/robot.urdf.xacro
[0.183s] -- Up-to-date symlink: /home/DATA/DATN/ros_ws/install/my_bot/share/my_bot/description/robot_core.xacro
[0.184s] -- Symlinking: /home/DATA/DATN/ros_ws/install/my_bot/share/my_bot/launch/gazebo.launch.py
[0.196s] -- Symlinking: /home/DATA/DATN/ros_ws/install/my_bot/share/my_bot/launch/launch_sim.launch.py
[0.207s] -- Up-to-date symlink: /home/DATA/DATN/ros_ws/install/my_bot/share/my_bot/launch/rsp.launch.py
[0.208s] -- Up-to-date symlink: /home/DATA/DATN/ros_ws/install/my_bot/share/my_bot/worlds/empty.world
[0.208s] -- Up-to-date symlink: /home/DATA/DATN/ros_ws/install/my_bot/share/ament_index/resource_index/package_run_dependencies/my_bot
[0.208s] -- Up-to-date symlink: /home/DATA/DATN/ros_ws/install/my_bot/share/ament_index/resource_index/parent_prefix_path/my_bot
[0.208s] -- Up-to-date symlink: /home/DATA/DATN/ros_ws/install/my_bot/share/my_bot/environment/ament_prefix_path.sh
[0.209s] -- Up-to-date symlink: /home/DATA/DATN/ros_ws/install/my_bot/share/my_bot/environment/ament_prefix_path.dsv
[0.209s] -- Up-to-date symlink: /home/DATA/DATN/ros_ws/install/my_bot/share/my_bot/environment/path.sh
[0.209s] -- Up-to-date symlink: /home/DATA/DATN/ros_ws/install/my_bot/share/my_bot/environment/path.dsv
[0.210s] -- Up-to-date symlink: /home/DATA/DATN/ros_ws/install/my_bot/share/my_bot/local_setup.bash
[0.210s] -- Up-to-date symlink: /home/DATA/DATN/ros_ws/install/my_bot/share/my_bot/local_setup.sh
[0.210s] -- Up-to-date symlink: /home/DATA/DATN/ros_ws/install/my_bot/share/my_bot/local_setup.zsh
[0.210s] -- Up-to-date symlink: /home/DATA/DATN/ros_ws/install/my_bot/share/my_bot/local_setup.dsv
[0.210s] -- Symlinking: /home/DATA/DATN/ros_ws/install/my_bot/share/my_bot/package.dsv
[0.220s] -- Up-to-date symlink: /home/DATA/DATN/ros_ws/install/my_bot/share/ament_index/resource_index/packages/my_bot
[0.221s] -- Up-to-date symlink: /home/DATA/DATN/ros_ws/install/my_bot/share/my_bot/cmake/my_botConfig.cmake
[0.221s] -- Up-to-date symlink: /home/DATA/DATN/ros_ws/install/my_bot/share/my_bot/cmake/my_botConfig-version.cmake
[0.221s] -- Up-to-date symlink: /home/DATA/DATN/ros_ws/install/my_bot/share/my_bot/package.xml
[0.223s] Invoked command in '/home/DATA/DATN/ros_ws/build/my_bot' returned '0': CMAKE_PREFIX_PATH=${CMAKE_PREFIX_PATH}:/opt/ros/jazzy DEBUGINFOD_URLS=https://debuginfod.ubuntu.com /usr/bin/cmake --install /home/DATA/DATN/ros_ws/build/my_bot
