[3.890s] Invoking command in '/home/DATA/DATN/ros_ws/src/my_package': DEBUGINFOD_URLS=https://debuginfod.ubuntu.com PYTHONPATH=/home/DATA/DATN/ros_ws/build/my_package/prefix_override:/usr/lib/python3/dist-packages/colcon_core/task/python/colcon_distutils_commands:/home/DATA/DATN/ros_ws/install/my_package/lib/python3.12/site-packages:${PYTHONPATH} /usr/bin/python3 -W ignore:setup.py install is deprecated setup.py egg_info --egg-base ../../build/my_package build --build-base /home/DATA/DATN/ros_ws/build/my_package/build install --record /home/DATA/DATN/ros_ws/build/my_package/install.log --single-version-externally-managed install_data
[4.996s] running egg_info
[4.999s] creating ../../build/my_package/my_package.egg-info
[5.089s] writing ../../build/my_package/my_package.egg-info/PKG-INFO
[5.089s] writing dependency_links to ../../build/my_package/my_package.egg-info/dependency_links.txt
[5.090s] writing entry points to ../../build/my_package/my_package.egg-info/entry_points.txt
[5.092s] writing requirements to ../../build/my_package/my_package.egg-info/requires.txt
[5.093s] writing top-level names to ../../build/my_package/my_package.egg-info/top_level.txt
[5.095s] writing manifest file '../../build/my_package/my_package.egg-info/SOURCES.txt'
[5.279s] reading manifest file '../../build/my_package/my_package.egg-info/SOURCES.txt'
[5.281s] writing manifest file '../../build/my_package/my_package.egg-info/SOURCES.txt'
[5.283s] running build
[5.285s] running build_py
[5.286s] creating /home/DATA/DATN/ros_ws/build/my_package/build
[5.286s] creating /home/DATA/DATN/ros_ws/build/my_package/build/lib
[5.287s] creating /home/DATA/DATN/ros_ws/build/my_package/build/lib/my_package
[5.288s] copying my_package/__init__.py -> /home/DATA/DATN/ros_ws/build/my_package/build/lib/my_package
[5.288s] copying my_package/convertJSON.py -> /home/DATA/DATN/ros_ws/build/my_package/build/lib/my_package
[5.288s] running install
[5.308s] running install_lib
[5.396s] creating /home/DATA/DATN/ros_ws/install/my_package/lib/python3.12/site-packages/my_package
[5.397s] copying /home/DATA/DATN/ros_ws/build/my_package/build/lib/my_package/__init__.py -> /home/DATA/DATN/ros_ws/install/my_package/lib/python3.12/site-packages/my_package
[5.397s] copying /home/DATA/DATN/ros_ws/build/my_package/build/lib/my_package/convertJSON.py -> /home/DATA/DATN/ros_ws/install/my_package/lib/python3.12/site-packages/my_package
[5.398s] byte-compiling /home/DATA/DATN/ros_ws/install/my_package/lib/python3.12/site-packages/my_package/__init__.py to __init__.cpython-312.pyc
[5.398s] byte-compiling /home/DATA/DATN/ros_ws/install/my_package/lib/python3.12/site-packages/my_package/convertJSON.py to convertJSON.cpython-312.pyc
[5.400s] running install_data
[5.400s] creating /home/DATA/DATN/ros_ws/install/my_package/share/ament_index
[5.400s] creating /home/DATA/DATN/ros_ws/install/my_package/share/ament_index/resource_index
[5.401s] creating /home/DATA/DATN/ros_ws/install/my_package/share/ament_index/resource_index/packages
[5.401s] copying resource/my_package -> /home/DATA/DATN/ros_ws/install/my_package/share/ament_index/resource_index/packages
[5.402s] copying package.xml -> /home/DATA/DATN/ros_ws/install/my_package/share/my_package
[5.403s] running install_egg_info
[5.469s] Copying ../../build/my_package/my_package.egg-info to /home/DATA/DATN/ros_ws/install/my_package/lib/python3.12/site-packages/my_package-0.0.0-py3.12.egg-info
[5.472s] running install_scripts
[5.970s] Installing convert script to /home/DATA/DATN/ros_ws/install/my_package/lib/my_package
[5.970s] writing list of installed files to '/home/DATA/DATN/ros_ws/build/my_package/install.log'
[6.160s] Invoked command in '/home/DATA/DATN/ros_ws/src/my_package' returned '0': DEBUGINFOD_URLS=https://debuginfod.ubuntu.com PYTHONPATH=/home/DATA/DATN/ros_ws/build/my_package/prefix_override:/usr/lib/python3/dist-packages/colcon_core/task/python/colcon_distutils_commands:/home/DATA/DATN/ros_ws/install/my_package/lib/python3.12/site-packages:${PYTHONPATH} /usr/bin/python3 -W ignore:setup.py install is deprecated setup.py egg_info --egg-base ../../build/my_package build --build-base /home/DATA/DATN/ros_ws/build/my_package/build install --record /home/DATA/DATN/ros_ws/build/my_package/install.log --single-version-externally-managed install_data
