[0.234s] DEBUG:colcon:Command line arguments: ['/usr/bin/colcon', 'build']
[0.235s] DEBUG:colcon:Parsed command line arguments: Namespace(log_base=None, log_level=None, verb_name='build', build_base='build', install_base='install', merge_install=False, symlink_install=False, test_result_base=None, continue_on_error=False, executor='parallel', parallel_workers=8, event_handlers=None, ignore_user_meta=False, metas=['./colcon.meta'], base_paths=['.'], packages_ignore=None, packages_ignore_regex=None, paths=None, packages_up_to=None, packages_up_to_regex=None, packages_above=None, packages_above_and_dependencies=None, packages_above_depth=None, packages_select_by_dep=None, packages_skip_by_dep=None, packages_skip_up_to=None, packages_select_build_failed=False, packages_skip_build_finished=False, packages_select_test_failures=False, packages_skip_test_passed=False, packages_select=None, packages_skip=None, packages_select_regex=None, packages_skip_regex=None, packages_start=None, packages_end=None, allow_overriding=[], cmake_args=None, cmake_target=None, cmake_target_skip_unavailable=False, cmake_clean_cache=False, cmake_clean_first=False, cmake_force_configure=False, ament_cmake_args=None, catkin_cmake_args=None, catkin_skip_building_tests=False, mixin_files=None, mixin=None, verb_parser=<colcon_mixin.mixin.mixin_argument.MixinArgumentDecorator object at 0x78569c3acb90>, verb_extension=<colcon_core.verb.build.BuildVerb object at 0x78569c4c09b0>, main=<bound method BuildVerb.main of <colcon_core.verb.build.BuildVerb object at 0x78569c4c09b0>>, mixin_verb=('build',))
[0.337s] Level 1:colcon.colcon_core.package_discovery:discover_packages(colcon_meta) check parameters
[0.337s] Level 1:colcon.colcon_core.package_discovery:discover_packages(recursive) check parameters
[0.337s] Level 1:colcon.colcon_core.package_discovery:discover_packages(ignore) check parameters
[0.337s] Level 1:colcon.colcon_core.package_discovery:discover_packages(path) check parameters
[0.337s] Level 1:colcon.colcon_core.package_discovery:discover_packages(colcon_meta) discover
[0.337s] Level 1:colcon.colcon_core.package_discovery:discover_packages(recursive) discover
[0.337s] INFO:colcon.colcon_core.package_discovery:Crawling recursively for packages in '/home/DATA/DATN/ros_ws'
[0.338s] Level 1:colcon.colcon_core.package_identification:_identify(.) by extensions ['ignore', 'ignore_ament_install']
[0.338s] Level 1:colcon.colcon_core.package_identification:_identify(.) by extension 'ignore'
[0.338s] Level 1:colcon.colcon_core.package_identification:_identify(.) by extension 'ignore_ament_install'
[0.338s] Level 1:colcon.colcon_core.package_identification:_identify(.) by extensions ['colcon_pkg']
[0.338s] Level 1:colcon.colcon_core.package_identification:_identify(.) by extension 'colcon_pkg'
[0.338s] Level 1:colcon.colcon_core.package_identification:_identify(.) by extensions ['colcon_meta']
[0.338s] Level 1:colcon.colcon_core.package_identification:_identify(.) by extension 'colcon_meta'
[0.338s] Level 1:colcon.colcon_core.package_identification:_identify(.) by extensions ['ros']
[0.338s] Level 1:colcon.colcon_core.package_identification:_identify(.) by extension 'ros'
[0.385s] Level 1:colcon.colcon_core.package_identification:_identify(.) by extensions ['cmake', 'python']
[0.385s] Level 1:colcon.colcon_core.package_identification:_identify(.) by extension 'cmake'
[0.385s] Level 1:colcon.colcon_core.package_identification:_identify(.) by extension 'python'
[0.385s] Level 1:colcon.colcon_core.package_identification:_identify(.) by extensions ['python_setup_py']
[0.385s] Level 1:colcon.colcon_core.package_identification:_identify(.) by extension 'python_setup_py'
[0.386s] Level 1:colcon.colcon_core.package_identification:_identify(build) by extensions ['ignore', 'ignore_ament_install']
[0.386s] Level 1:colcon.colcon_core.package_identification:_identify(build) by extension 'ignore'
[0.386s] Level 1:colcon.colcon_core.package_identification:_identify(build) ignored
[0.386s] Level 1:colcon.colcon_core.package_identification:_identify(install) by extensions ['ignore', 'ignore_ament_install']
[0.386s] Level 1:colcon.colcon_core.package_identification:_identify(install) by extension 'ignore'
[0.386s] Level 1:colcon.colcon_core.package_identification:_identify(install) ignored
[0.387s] Level 1:colcon.colcon_core.package_identification:_identify(log) by extensions ['ignore', 'ignore_ament_install']
[0.387s] Level 1:colcon.colcon_core.package_identification:_identify(log) by extension 'ignore'
[0.387s] Level 1:colcon.colcon_core.package_identification:_identify(log) ignored
[0.387s] Level 1:colcon.colcon_core.package_identification:_identify(src) by extensions ['ignore', 'ignore_ament_install']
[0.387s] Level 1:colcon.colcon_core.package_identification:_identify(src) by extension 'ignore'
[0.387s] Level 1:colcon.colcon_core.package_identification:_identify(src) by extension 'ignore_ament_install'
[0.387s] Level 1:colcon.colcon_core.package_identification:_identify(src) by extensions ['colcon_pkg']
[0.387s] Level 1:colcon.colcon_core.package_identification:_identify(src) by extension 'colcon_pkg'
[0.387s] Level 1:colcon.colcon_core.package_identification:_identify(src) by extensions ['colcon_meta']
[0.387s] Level 1:colcon.colcon_core.package_identification:_identify(src) by extension 'colcon_meta'
[0.387s] Level 1:colcon.colcon_core.package_identification:_identify(src) by extensions ['ros']
[0.388s] Level 1:colcon.colcon_core.package_identification:_identify(src) by extension 'ros'
[0.388s] Level 1:colcon.colcon_core.package_identification:_identify(src) by extensions ['cmake', 'python']
[0.388s] Level 1:colcon.colcon_core.package_identification:_identify(src) by extension 'cmake'
[0.388s] Level 1:colcon.colcon_core.package_identification:_identify(src) by extension 'python'
[0.388s] Level 1:colcon.colcon_core.package_identification:_identify(src) by extensions ['python_setup_py']
[0.388s] Level 1:colcon.colcon_core.package_identification:_identify(src) by extension 'python_setup_py'
[0.388s] Level 1:colcon.colcon_core.package_identification:_identify(src/my_bot) by extensions ['ignore', 'ignore_ament_install']
[0.388s] Level 1:colcon.colcon_core.package_identification:_identify(src/my_bot) by extension 'ignore'
[0.388s] Level 1:colcon.colcon_core.package_identification:_identify(src/my_bot) by extension 'ignore_ament_install'
[0.389s] Level 1:colcon.colcon_core.package_identification:_identify(src/my_bot) by extensions ['colcon_pkg']
[0.389s] Level 1:colcon.colcon_core.package_identification:_identify(src/my_bot) by extension 'colcon_pkg'
[0.389s] Level 1:colcon.colcon_core.package_identification:_identify(src/my_bot) by extensions ['colcon_meta']
[0.389s] Level 1:colcon.colcon_core.package_identification:_identify(src/my_bot) by extension 'colcon_meta'
[0.389s] Level 1:colcon.colcon_core.package_identification:_identify(src/my_bot) by extensions ['ros']
[0.389s] Level 1:colcon.colcon_core.package_identification:_identify(src/my_bot) by extension 'ros'
[0.393s] DEBUG:colcon.colcon_core.package_identification:Package 'src/my_bot' with type 'ros.ament_cmake' and name 'my_bot'
[0.394s] Level 1:colcon.colcon_core.package_identification:_identify(src/my_package) by extensions ['ignore', 'ignore_ament_install']
[0.394s] Level 1:colcon.colcon_core.package_identification:_identify(src/my_package) by extension 'ignore'
[0.394s] Level 1:colcon.colcon_core.package_identification:_identify(src/my_package) by extension 'ignore_ament_install'
[0.395s] Level 1:colcon.colcon_core.package_identification:_identify(src/my_package) by extensions ['colcon_pkg']
[0.395s] Level 1:colcon.colcon_core.package_identification:_identify(src/my_package) by extension 'colcon_pkg'
[0.395s] Level 1:colcon.colcon_core.package_identification:_identify(src/my_package) by extensions ['colcon_meta']
[0.395s] Level 1:colcon.colcon_core.package_identification:_identify(src/my_package) by extension 'colcon_meta'
[0.395s] Level 1:colcon.colcon_core.package_identification:_identify(src/my_package) by extensions ['ros']
[0.395s] Level 1:colcon.colcon_core.package_identification:_identify(src/my_package) by extension 'ros'
[0.397s] DEBUG:colcon.colcon_core.package_identification:Package 'src/my_package' with type 'ros.ament_python' and name 'my_package'
[0.397s] Level 1:colcon.colcon_core.package_identification:_identify(src/web_video_server) by extensions ['ignore', 'ignore_ament_install']
[0.397s] Level 1:colcon.colcon_core.package_identification:_identify(src/web_video_server) by extension 'ignore'
[0.398s] Level 1:colcon.colcon_core.package_identification:_identify(src/web_video_server) by extension 'ignore_ament_install'
[0.398s] Level 1:colcon.colcon_core.package_identification:_identify(src/web_video_server) by extensions ['colcon_pkg']
[0.398s] Level 1:colcon.colcon_core.package_identification:_identify(src/web_video_server) by extension 'colcon_pkg'
[0.398s] Level 1:colcon.colcon_core.package_identification:_identify(src/web_video_server) by extensions ['colcon_meta']
[0.398s] Level 1:colcon.colcon_core.package_identification:_identify(src/web_video_server) by extension 'colcon_meta'
[0.398s] Level 1:colcon.colcon_core.package_identification:_identify(src/web_video_server) by extensions ['ros']
[0.398s] Level 1:colcon.colcon_core.package_identification:_identify(src/web_video_server) by extension 'ros'
[0.399s] DEBUG:colcon.colcon_core.package_identification:Package 'src/web_video_server' with type 'ros.ament_cmake' and name 'web_video_server'
[0.399s] Level 1:colcon.colcon_core.package_discovery:discover_packages(recursive) using defaults
[0.400s] Level 1:colcon.colcon_core.package_discovery:discover_packages(ignore) discover
[0.400s] Level 1:colcon.colcon_core.package_discovery:discover_packages(ignore) using defaults
[0.400s] Level 1:colcon.colcon_core.package_discovery:discover_packages(path) discover
[0.400s] Level 1:colcon.colcon_core.package_discovery:discover_packages(path) using defaults
[0.442s] Level 1:colcon.colcon_core.package_discovery:discover_packages(prefix_path) check parameters
[0.442s] Level 1:colcon.colcon_core.package_discovery:discover_packages(prefix_path) discover
[0.449s] DEBUG:colcon.colcon_installed_package_information.package_discovery:Found 3 installed packages in /home/DATA/DATN/ros_ws/install
[0.451s] DEBUG:colcon.colcon_installed_package_information.package_discovery:Found 427 installed packages in /opt/ros/jazzy
[0.454s] Level 1:colcon.colcon_core.package_discovery:discover_packages(prefix_path) using defaults
[0.554s] Level 5:colcon.colcon_core.verb:set package 'my_bot' build argument 'cmake_args' from command line to 'None'
[0.554s] Level 5:colcon.colcon_core.verb:set package 'my_bot' build argument 'cmake_target' from command line to 'None'
[0.554s] Level 5:colcon.colcon_core.verb:set package 'my_bot' build argument 'cmake_target_skip_unavailable' from command line to 'False'
[0.554s] Level 5:colcon.colcon_core.verb:set package 'my_bot' build argument 'cmake_clean_cache' from command line to 'False'
[0.554s] Level 5:colcon.colcon_core.verb:set package 'my_bot' build argument 'cmake_clean_first' from command line to 'False'
[0.554s] Level 5:colcon.colcon_core.verb:set package 'my_bot' build argument 'cmake_force_configure' from command line to 'False'
[0.554s] Level 5:colcon.colcon_core.verb:set package 'my_bot' build argument 'ament_cmake_args' from command line to 'None'
[0.554s] Level 5:colcon.colcon_core.verb:set package 'my_bot' build argument 'catkin_cmake_args' from command line to 'None'
[0.554s] Level 5:colcon.colcon_core.verb:set package 'my_bot' build argument 'catkin_skip_building_tests' from command line to 'False'
[0.554s] DEBUG:colcon.colcon_core.verb:Building package 'my_bot' with the following arguments: {'ament_cmake_args': None, 'build_base': '/home/DATA/DATN/ros_ws/build/my_bot', 'catkin_cmake_args': None, 'catkin_skip_building_tests': False, 'cmake_args': None, 'cmake_clean_cache': False, 'cmake_clean_first': False, 'cmake_force_configure': False, 'cmake_target': None, 'cmake_target_skip_unavailable': False, 'install_base': '/home/DATA/DATN/ros_ws/install/my_bot', 'merge_install': False, 'path': '/home/DATA/DATN/ros_ws/src/my_bot', 'symlink_install': False, 'test_result_base': None}
[0.555s] Level 5:colcon.colcon_core.verb:set package 'my_package' build argument 'cmake_args' from command line to 'None'
[0.555s] Level 5:colcon.colcon_core.verb:set package 'my_package' build argument 'cmake_target' from command line to 'None'
[0.555s] Level 5:colcon.colcon_core.verb:set package 'my_package' build argument 'cmake_target_skip_unavailable' from command line to 'False'
[0.555s] Level 5:colcon.colcon_core.verb:set package 'my_package' build argument 'cmake_clean_cache' from command line to 'False'
[0.555s] Level 5:colcon.colcon_core.verb:set package 'my_package' build argument 'cmake_clean_first' from command line to 'False'
[0.555s] Level 5:colcon.colcon_core.verb:set package 'my_package' build argument 'cmake_force_configure' from command line to 'False'
[0.555s] Level 5:colcon.colcon_core.verb:set package 'my_package' build argument 'ament_cmake_args' from command line to 'None'
[0.555s] Level 5:colcon.colcon_core.verb:set package 'my_package' build argument 'catkin_cmake_args' from command line to 'None'
[0.555s] Level 5:colcon.colcon_core.verb:set package 'my_package' build argument 'catkin_skip_building_tests' from command line to 'False'
[0.555s] DEBUG:colcon.colcon_core.verb:Building package 'my_package' with the following arguments: {'ament_cmake_args': None, 'build_base': '/home/DATA/DATN/ros_ws/build/my_package', 'catkin_cmake_args': None, 'catkin_skip_building_tests': False, 'cmake_args': None, 'cmake_clean_cache': False, 'cmake_clean_first': False, 'cmake_force_configure': False, 'cmake_target': None, 'cmake_target_skip_unavailable': False, 'install_base': '/home/DATA/DATN/ros_ws/install/my_package', 'merge_install': False, 'path': '/home/DATA/DATN/ros_ws/src/my_package', 'symlink_install': False, 'test_result_base': None}
[0.555s] Level 5:colcon.colcon_core.verb:set package 'web_video_server' build argument 'cmake_args' from command line to 'None'
[0.556s] Level 5:colcon.colcon_core.verb:set package 'web_video_server' build argument 'cmake_target' from command line to 'None'
[0.556s] Level 5:colcon.colcon_core.verb:set package 'web_video_server' build argument 'cmake_target_skip_unavailable' from command line to 'False'
[0.556s] Level 5:colcon.colcon_core.verb:set package 'web_video_server' build argument 'cmake_clean_cache' from command line to 'False'
[0.556s] Level 5:colcon.colcon_core.verb:set package 'web_video_server' build argument 'cmake_clean_first' from command line to 'False'
[0.556s] Level 5:colcon.colcon_core.verb:set package 'web_video_server' build argument 'cmake_force_configure' from command line to 'False'
[0.556s] Level 5:colcon.colcon_core.verb:set package 'web_video_server' build argument 'ament_cmake_args' from command line to 'None'
[0.556s] Level 5:colcon.colcon_core.verb:set package 'web_video_server' build argument 'catkin_cmake_args' from command line to 'None'
[0.556s] Level 5:colcon.colcon_core.verb:set package 'web_video_server' build argument 'catkin_skip_building_tests' from command line to 'False'
[0.556s] DEBUG:colcon.colcon_core.verb:Building package 'web_video_server' with the following arguments: {'ament_cmake_args': None, 'build_base': '/home/DATA/DATN/ros_ws/build/web_video_server', 'catkin_cmake_args': None, 'catkin_skip_building_tests': False, 'cmake_args': None, 'cmake_clean_cache': False, 'cmake_clean_first': False, 'cmake_force_configure': False, 'cmake_target': None, 'cmake_target_skip_unavailable': False, 'install_base': '/home/DATA/DATN/ros_ws/install/web_video_server', 'merge_install': False, 'path': '/home/DATA/DATN/ros_ws/src/web_video_server', 'symlink_install': False, 'test_result_base': None}
[0.556s] INFO:colcon.colcon_core.executor:Executing jobs using 'parallel' executor
[0.559s] DEBUG:colcon.colcon_parallel_executor.executor.parallel:run_until_complete
[0.559s] INFO:colcon.colcon_ros.task.ament_cmake.build:Building ROS package in '/home/DATA/DATN/ros_ws/src/my_bot' with build type 'ament_cmake'
[0.560s] INFO:colcon.colcon_cmake.task.cmake.build:Building CMake package in '/home/DATA/DATN/ros_ws/src/my_bot'
[0.569s] INFO:colcon.colcon_core.plugin_system:Skipping extension 'colcon_core.shell.bat': Not used on non-Windows systems
[0.570s] INFO:colcon.colcon_core.shell:Skip shell extension 'powershell' for command environment: Not usable outside of PowerShell
[0.570s] DEBUG:colcon.colcon_core.shell:Skip shell extension 'dsv' for command environment
[0.576s] INFO:colcon.colcon_ros.task.ament_python.build:Building ROS package in '/home/DATA/DATN/ros_ws/src/my_package' with build type 'ament_python'
[0.576s] Level 1:colcon.colcon_core.shell:create_environment_hook('my_package', 'ament_prefix_path')
[0.576s] INFO:colcon.colcon_core.shell:Creating environment hook '/home/DATA/DATN/ros_ws/install/my_package/share/my_package/hook/ament_prefix_path.ps1'
[0.579s] INFO:colcon.colcon_core.shell:Creating environment descriptor '/home/DATA/DATN/ros_ws/install/my_package/share/my_package/hook/ament_prefix_path.dsv'
[0.580s] INFO:colcon.colcon_core.shell:Creating environment hook '/home/DATA/DATN/ros_ws/install/my_package/share/my_package/hook/ament_prefix_path.sh'
[0.582s] INFO:colcon.colcon_core.shell:Skip shell extension 'powershell' for command environment: Not usable outside of PowerShell
[0.582s] DEBUG:colcon.colcon_core.shell:Skip shell extension 'dsv' for command environment
[0.588s] INFO:colcon.colcon_ros.task.ament_cmake.build:Building ROS package in '/home/DATA/DATN/ros_ws/src/web_video_server' with build type 'ament_cmake'
[0.588s] INFO:colcon.colcon_cmake.task.cmake.build:Building CMake package in '/home/DATA/DATN/ros_ws/src/web_video_server'
[0.588s] INFO:colcon.colcon_core.shell:Skip shell extension 'powershell' for command environment: Not usable outside of PowerShell
[0.588s] DEBUG:colcon.colcon_core.shell:Skip shell extension 'dsv' for command environment
[0.605s] DEBUG:colcon.colcon_core.event_handler.log_command:Invoking command in '/home/DATA/DATN/ros_ws/build/my_bot': CMAKE_PREFIX_PATH=${CMAKE_PREFIX_PATH}:/home/DATA/DATN/ros_ws/install/my_package:/opt/ros/jazzy DEBUGINFOD_URLS=https://debuginfod.ubuntu.com /usr/bin/cmake --build /home/DATA/DATN/ros_ws/build/my_bot -- -j8 -l8
[1.059s] INFO:colcon.colcon_core.task.python.build:Building Python package in '/home/DATA/DATN/ros_ws/src/my_package'
[1.059s] INFO:colcon.colcon_core.shell:Skip shell extension 'powershell' for command environment: Not usable outside of PowerShell
[1.059s] DEBUG:colcon.colcon_core.shell:Skip shell extension 'dsv' for command environment
[1.073s] DEBUG:colcon.colcon_core.event_handler.log_command:Invoked command in '/home/DATA/DATN/ros_ws/build/my_bot' returned '0': CMAKE_PREFIX_PATH=${CMAKE_PREFIX_PATH}:/home/DATA/DATN/ros_ws/install/my_package:/opt/ros/jazzy DEBUGINFOD_URLS=https://debuginfod.ubuntu.com /usr/bin/cmake --build /home/DATA/DATN/ros_ws/build/my_bot -- -j8 -l8
[1.080s] DEBUG:colcon.colcon_core.event_handler.log_command:Invoking command in '/home/DATA/DATN/ros_ws/build/web_video_server': CMAKE_PREFIX_PATH=${CMAKE_PREFIX_PATH}:/home/DATA/DATN/ros_ws/install/my_package:/opt/ros/jazzy DEBUGINFOD_URLS=https://debuginfod.ubuntu.com /usr/bin/cmake --build /home/DATA/DATN/ros_ws/build/web_video_server -- -j8 -l8
[1.129s] DEBUG:colcon.colcon_core.event_handler.log_command:Invoking command in '/home/DATA/DATN/ros_ws/build/my_bot': CMAKE_PREFIX_PATH=${CMAKE_PREFIX_PATH}:/home/DATA/DATN/ros_ws/install/my_package:/opt/ros/jazzy DEBUGINFOD_URLS=https://debuginfod.ubuntu.com /usr/bin/cmake --install /home/DATA/DATN/ros_ws/build/my_bot
[1.188s] Level 1:colcon.colcon_core.environment:create_environment_scripts_only(my_bot)
[1.189s] DEBUG:colcon.colcon_core.event_handler.log_command:Invoked command in '/home/DATA/DATN/ros_ws/build/my_bot' returned '0': CMAKE_PREFIX_PATH=${CMAKE_PREFIX_PATH}:/home/DATA/DATN/ros_ws/install/my_package:/opt/ros/jazzy DEBUGINFOD_URLS=https://debuginfod.ubuntu.com /usr/bin/cmake --install /home/DATA/DATN/ros_ws/build/my_bot
[1.201s] Level 1:colcon.colcon_core.environment:checking '/home/DATA/DATN/ros_ws/install/my_bot' for CMake module files
[1.202s] Level 1:colcon.colcon_core.environment:checking '/home/DATA/DATN/ros_ws/install/my_bot' for CMake config files
[1.203s] Level 1:colcon.colcon_core.shell:create_environment_hook('my_bot', 'cmake_prefix_path')
[1.204s] INFO:colcon.colcon_core.shell:Creating environment hook '/home/DATA/DATN/ros_ws/install/my_bot/share/my_bot/hook/cmake_prefix_path.ps1'
[1.205s] INFO:colcon.colcon_core.shell:Creating environment descriptor '/home/DATA/DATN/ros_ws/install/my_bot/share/my_bot/hook/cmake_prefix_path.dsv'
[1.206s] INFO:colcon.colcon_core.shell:Creating environment hook '/home/DATA/DATN/ros_ws/install/my_bot/share/my_bot/hook/cmake_prefix_path.sh'
[1.207s] Level 1:colcon.colcon_core.environment:checking '/home/DATA/DATN/ros_ws/install/my_bot/bin'
[1.207s] Level 1:colcon.colcon_core.environment:checking '/home/DATA/DATN/ros_ws/install/my_bot/lib/pkgconfig/my_bot.pc'
[1.208s] Level 1:colcon.colcon_core.environment:checking '/home/DATA/DATN/ros_ws/install/my_bot/lib/python3.12/site-packages'
[1.208s] Level 1:colcon.colcon_core.environment:checking '/home/DATA/DATN/ros_ws/install/my_bot/bin'
[1.210s] INFO:colcon.colcon_core.shell:Creating package script '/home/DATA/DATN/ros_ws/install/my_bot/share/my_bot/package.ps1'
[1.211s] INFO:colcon.colcon_core.shell:Creating package descriptor '/home/DATA/DATN/ros_ws/install/my_bot/share/my_bot/package.dsv'
[1.213s] INFO:colcon.colcon_core.shell:Creating package script '/home/DATA/DATN/ros_ws/install/my_bot/share/my_bot/package.sh'
[1.214s] INFO:colcon.colcon_core.shell:Creating package script '/home/DATA/DATN/ros_ws/install/my_bot/share/my_bot/package.bash'
[1.215s] INFO:colcon.colcon_core.shell:Creating package script '/home/DATA/DATN/ros_ws/install/my_bot/share/my_bot/package.zsh'
[1.216s] Level 1:colcon.colcon_core.environment:create_file_with_runtime_dependencies(/home/DATA/DATN/ros_ws/install/my_bot/share/colcon-core/packages/my_bot)
[1.258s] Level 1:colcon.colcon_core.environment:create_environment_scripts_only(my_bot)
[1.259s] Level 1:colcon.colcon_core.environment:checking '/home/DATA/DATN/ros_ws/install/my_bot' for CMake module files
[1.260s] Level 1:colcon.colcon_core.environment:checking '/home/DATA/DATN/ros_ws/install/my_bot' for CMake config files
[1.261s] Level 1:colcon.colcon_core.shell:create_environment_hook('my_bot', 'cmake_prefix_path')
[1.261s] INFO:colcon.colcon_core.shell:Creating environment hook '/home/DATA/DATN/ros_ws/install/my_bot/share/my_bot/hook/cmake_prefix_path.ps1'
[1.262s] INFO:colcon.colcon_core.shell:Creating environment descriptor '/home/DATA/DATN/ros_ws/install/my_bot/share/my_bot/hook/cmake_prefix_path.dsv'
[1.263s] INFO:colcon.colcon_core.shell:Creating environment hook '/home/DATA/DATN/ros_ws/install/my_bot/share/my_bot/hook/cmake_prefix_path.sh'
[1.264s] Level 1:colcon.colcon_core.environment:checking '/home/DATA/DATN/ros_ws/install/my_bot/bin'
[1.265s] Level 1:colcon.colcon_core.environment:checking '/home/DATA/DATN/ros_ws/install/my_bot/lib/pkgconfig/my_bot.pc'
[1.265s] Level 1:colcon.colcon_core.environment:checking '/home/DATA/DATN/ros_ws/install/my_bot/lib/python3.12/site-packages'
[1.266s] Level 1:colcon.colcon_core.environment:checking '/home/DATA/DATN/ros_ws/install/my_bot/bin'
[1.267s] INFO:colcon.colcon_core.shell:Creating package script '/home/DATA/DATN/ros_ws/install/my_bot/share/my_bot/package.ps1'
[1.269s] INFO:colcon.colcon_core.shell:Creating package descriptor '/home/DATA/DATN/ros_ws/install/my_bot/share/my_bot/package.dsv'
[1.270s] INFO:colcon.colcon_core.shell:Creating package script '/home/DATA/DATN/ros_ws/install/my_bot/share/my_bot/package.sh'
[1.271s] INFO:colcon.colcon_core.shell:Creating package script '/home/DATA/DATN/ros_ws/install/my_bot/share/my_bot/package.bash'
[1.272s] INFO:colcon.colcon_core.shell:Creating package script '/home/DATA/DATN/ros_ws/install/my_bot/share/my_bot/package.zsh'
[1.273s] Level 1:colcon.colcon_core.environment:create_file_with_runtime_dependencies(/home/DATA/DATN/ros_ws/install/my_bot/share/colcon-core/packages/my_bot)
[3.597s] DEBUG:colcon.colcon_core.event_handler.log_command:Invoking command in '/home/DATA/DATN/ros_ws/src/my_package': DEBUGINFOD_URLS=https://debuginfod.ubuntu.com PYTHONPATH=/home/DATA/DATN/ros_ws/build/my_package/prefix_override:/usr/lib/python3/dist-packages/colcon_core/task/python/colcon_distutils_commands:/home/DATA/DATN/ros_ws/install/my_package/lib/python3.12/site-packages:${PYTHONPATH} /usr/bin/python3 -W ignore:setup.py install is deprecated setup.py egg_info --egg-base ../../build/my_package build --build-base /home/DATA/DATN/ros_ws/build/my_package/build install --record /home/DATA/DATN/ros_ws/build/my_package/install.log --single-version-externally-managed install_data
[6.738s] Level 1:colcon.colcon_core.environment:checking '/home/DATA/DATN/ros_ws/install/my_package' for CMake module files
[6.738s] DEBUG:colcon.colcon_core.event_handler.log_command:Invoked command in '/home/DATA/DATN/ros_ws/src/my_package' returned '0': DEBUGINFOD_URLS=https://debuginfod.ubuntu.com PYTHONPATH=/home/DATA/DATN/ros_ws/build/my_package/prefix_override:/usr/lib/python3/dist-packages/colcon_core/task/python/colcon_distutils_commands:/home/DATA/DATN/ros_ws/install/my_package/lib/python3.12/site-packages:${PYTHONPATH} /usr/bin/python3 -W ignore:setup.py install is deprecated setup.py egg_info --egg-base ../../build/my_package build --build-base /home/DATA/DATN/ros_ws/build/my_package/build install --record /home/DATA/DATN/ros_ws/build/my_package/install.log --single-version-externally-managed install_data
[6.741s] Level 1:colcon.colcon_core.environment:checking '/home/DATA/DATN/ros_ws/install/my_package' for CMake config files
[6.742s] Level 1:colcon.colcon_core.environment:checking '/home/DATA/DATN/ros_ws/install/my_package/lib'
[6.743s] Level 1:colcon.colcon_core.environment:checking '/home/DATA/DATN/ros_ws/install/my_package/bin'
[6.744s] Level 1:colcon.colcon_core.environment:checking '/home/DATA/DATN/ros_ws/install/my_package/lib/pkgconfig/my_package.pc'
[6.745s] Level 1:colcon.colcon_core.environment:checking '/home/DATA/DATN/ros_ws/install/my_package/lib/python3.12/site-packages'
[6.745s] Level 1:colcon.colcon_core.shell:create_environment_hook('my_package', 'pythonpath')
[6.745s] INFO:colcon.colcon_core.shell:Creating environment hook '/home/DATA/DATN/ros_ws/install/my_package/share/my_package/hook/pythonpath.ps1'
[6.747s] INFO:colcon.colcon_core.shell:Creating environment descriptor '/home/DATA/DATN/ros_ws/install/my_package/share/my_package/hook/pythonpath.dsv'
[6.748s] INFO:colcon.colcon_core.shell:Creating environment hook '/home/DATA/DATN/ros_ws/install/my_package/share/my_package/hook/pythonpath.sh'
[6.750s] Level 1:colcon.colcon_core.environment:checking '/home/DATA/DATN/ros_ws/install/my_package/bin'
[6.751s] Level 1:colcon.colcon_core.environment:create_environment_scripts_only(my_package)
[6.751s] INFO:colcon.colcon_core.shell:Creating package script '/home/DATA/DATN/ros_ws/install/my_package/share/my_package/package.ps1'
[6.753s] INFO:colcon.colcon_core.shell:Creating package descriptor '/home/DATA/DATN/ros_ws/install/my_package/share/my_package/package.dsv'
[6.758s] INFO:colcon.colcon_core.shell:Creating package script '/home/DATA/DATN/ros_ws/install/my_package/share/my_package/package.sh'
[6.759s] INFO:colcon.colcon_core.shell:Creating package script '/home/DATA/DATN/ros_ws/install/my_package/share/my_package/package.bash'
[6.761s] INFO:colcon.colcon_core.shell:Creating package script '/home/DATA/DATN/ros_ws/install/my_package/share/my_package/package.zsh'
[6.762s] Level 1:colcon.colcon_core.environment:create_file_with_runtime_dependencies(/home/DATA/DATN/ros_ws/install/my_package/share/colcon-core/packages/my_package)
[8.179s] DEBUG:colcon.colcon_parallel_executor.executor.parallel:run_until_complete was interrupted
[8.179s] DEBUG:colcon.colcon_parallel_executor.executor.parallel:run_until_complete again
[8.266s] DEBUG:colcon.colcon_core.event_handler.log_command:Invoked command in '/home/DATA/DATN/ros_ws/build/web_video_server' returned '-2': CMAKE_PREFIX_PATH=${CMAKE_PREFIX_PATH}:/home/DATA/DATN/ros_ws/install/my_package:/opt/ros/jazzy DEBUGINFOD_URLS=https://debuginfod.ubuntu.com /usr/bin/cmake --build /home/DATA/DATN/ros_ws/build/web_video_server -- -j8 -l8
[8.367s] Level 1:colcon.colcon_core.environment:create_environment_scripts_only(web_video_server)
[8.367s] Level 1:colcon.colcon_core.environment:checking '/home/DATA/DATN/ros_ws/install/web_video_server' for CMake module files
[8.368s] Level 1:colcon.colcon_core.environment:checking '/home/DATA/DATN/ros_ws/install/web_video_server' for CMake config files
[8.369s] Level 1:colcon.colcon_core.shell:create_environment_hook('web_video_server', 'cmake_prefix_path')
[8.369s] INFO:colcon.colcon_core.shell:Creating environment hook '/home/DATA/DATN/ros_ws/install/web_video_server/share/web_video_server/hook/cmake_prefix_path.ps1'
[8.370s] INFO:colcon.colcon_core.shell:Creating environment descriptor '/home/DATA/DATN/ros_ws/install/web_video_server/share/web_video_server/hook/cmake_prefix_path.dsv'
[8.371s] INFO:colcon.colcon_core.shell:Creating environment hook '/home/DATA/DATN/ros_ws/install/web_video_server/share/web_video_server/hook/cmake_prefix_path.sh'
[8.372s] Level 1:colcon.colcon_core.environment:checking '/home/DATA/DATN/ros_ws/install/web_video_server/lib'
[8.372s] Level 1:colcon.colcon_core.shell:create_environment_hook('web_video_server', 'ld_library_path_lib')
[8.372s] INFO:colcon.colcon_core.shell:Creating environment hook '/home/DATA/DATN/ros_ws/install/web_video_server/share/web_video_server/hook/ld_library_path_lib.ps1'
[8.373s] INFO:colcon.colcon_core.shell:Creating environment descriptor '/home/DATA/DATN/ros_ws/install/web_video_server/share/web_video_server/hook/ld_library_path_lib.dsv'
[8.374s] INFO:colcon.colcon_core.shell:Creating environment hook '/home/DATA/DATN/ros_ws/install/web_video_server/share/web_video_server/hook/ld_library_path_lib.sh'
[8.374s] Level 1:colcon.colcon_core.environment:checking '/home/DATA/DATN/ros_ws/install/web_video_server/bin'
[8.374s] Level 1:colcon.colcon_core.environment:checking '/home/DATA/DATN/ros_ws/install/web_video_server/lib/pkgconfig/web_video_server.pc'
[8.375s] Level 1:colcon.colcon_core.environment:checking '/home/DATA/DATN/ros_ws/install/web_video_server/lib/python3.12/site-packages'
[8.375s] Level 1:colcon.colcon_core.environment:checking '/home/DATA/DATN/ros_ws/install/web_video_server/bin'
[8.376s] INFO:colcon.colcon_core.shell:Creating package script '/home/DATA/DATN/ros_ws/install/web_video_server/share/web_video_server/package.ps1'
[8.377s] INFO:colcon.colcon_core.shell:Creating package descriptor '/home/DATA/DATN/ros_ws/install/web_video_server/share/web_video_server/package.dsv'
[8.378s] INFO:colcon.colcon_core.shell:Creating package script '/home/DATA/DATN/ros_ws/install/web_video_server/share/web_video_server/package.sh'
[8.379s] INFO:colcon.colcon_core.shell:Creating package script '/home/DATA/DATN/ros_ws/install/web_video_server/share/web_video_server/package.bash'
[8.379s] INFO:colcon.colcon_core.shell:Creating package script '/home/DATA/DATN/ros_ws/install/web_video_server/share/web_video_server/package.zsh'
[8.380s] Level 1:colcon.colcon_core.environment:create_file_with_runtime_dependencies(/home/DATA/DATN/ros_ws/install/web_video_server/share/colcon-core/packages/web_video_server)
[8.390s] DEBUG:colcon.colcon_parallel_executor.executor.parallel:run_until_complete finished
[8.391s] DEBUG:colcon.colcon_parallel_executor.executor.parallel:closing loop
[8.391s] DEBUG:colcon.colcon_parallel_executor.executor.parallel:loop closed
[8.391s] DEBUG:colcon.colcon_core.event_reactor:joining thread
[8.405s] INFO:colcon.colcon_core.plugin_system:Skipping extension 'colcon_notification.desktop_notification.terminal_notifier': Not used on non-Darwin systems
[8.405s] INFO:colcon.colcon_core.plugin_system:Skipping extension 'colcon_notification.desktop_notification.win32': Not used on non-Windows systems
[8.405s] INFO:colcon.colcon_notification.desktop_notification:Sending desktop notification using 'notify2'
[8.516s] DEBUG:colcon.colcon_core.event_reactor:joined thread
[8.517s] INFO:colcon.colcon_core.shell:Creating prefix script '/home/DATA/DATN/ros_ws/install/local_setup.ps1'
[8.518s] INFO:colcon.colcon_core.shell:Creating prefix util module '/home/DATA/DATN/ros_ws/install/_local_setup_util_ps1.py'
[8.519s] INFO:colcon.colcon_core.shell:Creating prefix chain script '/home/DATA/DATN/ros_ws/install/setup.ps1'
[8.523s] INFO:colcon.colcon_core.shell:Creating prefix script '/home/DATA/DATN/ros_ws/install/local_setup.sh'
[8.524s] INFO:colcon.colcon_core.shell:Creating prefix util module '/home/DATA/DATN/ros_ws/install/_local_setup_util_sh.py'
[8.524s] INFO:colcon.colcon_core.shell:Creating prefix chain script '/home/DATA/DATN/ros_ws/install/setup.sh'
[8.526s] INFO:colcon.colcon_core.shell:Creating prefix script '/home/DATA/DATN/ros_ws/install/local_setup.bash'
[8.526s] INFO:colcon.colcon_core.shell:Creating prefix chain script '/home/DATA/DATN/ros_ws/install/setup.bash'
[8.528s] INFO:colcon.colcon_core.shell:Creating prefix script '/home/DATA/DATN/ros_ws/install/local_setup.zsh'
[8.529s] INFO:colcon.colcon_core.shell:Creating prefix chain script '/home/DATA/DATN/ros_ws/install/setup.zsh'
