/home/DATA/DATN/ros_ws/install/my_package/lib/python3.12/site-packages/my_package/ocupanGrid.py
/home/DATA/DATN/ros_ws/install/my_package/lib/python3.12/site-packages/my_package/color_utils.py
/home/DATA/DATN/ros_ws/install/my_package/lib/python3.12/site-packages/my_package/voice.py
/home/DATA/DATN/ros_ws/install/my_package/lib/python3.12/site-packages/my_package/test.py
/home/DATA/DATN/ros_ws/install/my_package/lib/python3.12/site-packages/my_package/color_processing.py
/home/DATA/DATN/ros_ws/install/my_package/lib/python3.12/site-packages/my_package/face_processing.py
/home/DATA/DATN/ros_ws/install/my_package/lib/python3.12/site-packages/my_package/__init__.py
/home/DATA/DATN/ros_ws/install/my_package/lib/python3.12/site-packages/my_package/gesture_processing.py
/home/DATA/DATN/ros_ws/install/my_package/lib/python3.12/site-packages/my_package/controlRobot.py
/home/DATA/DATN/ros_ws/install/my_package/lib/python3.12/site-packages/my_package/testVideo.py
/home/DATA/DATN/ros_ws/install/my_package/lib/python3.12/site-packages/my_package/convertJSON.py
/home/DATA/DATN/ros_ws/install/my_package/lib/python3.12/site-packages/my_package/__pycache__/ocupanGrid.cpython-312.pyc
/home/DATA/DATN/ros_ws/install/my_package/lib/python3.12/site-packages/my_package/__pycache__/color_utils.cpython-312.pyc
/home/DATA/DATN/ros_ws/install/my_package/lib/python3.12/site-packages/my_package/__pycache__/voice.cpython-312.pyc
/home/DATA/DATN/ros_ws/install/my_package/lib/python3.12/site-packages/my_package/__pycache__/test.cpython-312.pyc
/home/DATA/DATN/ros_ws/install/my_package/lib/python3.12/site-packages/my_package/__pycache__/color_processing.cpython-312.pyc
/home/DATA/DATN/ros_ws/install/my_package/lib/python3.12/site-packages/my_package/__pycache__/face_processing.cpython-312.pyc
/home/DATA/DATN/ros_ws/install/my_package/lib/python3.12/site-packages/my_package/__pycache__/__init__.cpython-312.pyc
/home/DATA/DATN/ros_ws/install/my_package/lib/python3.12/site-packages/my_package/__pycache__/gesture_processing.cpython-312.pyc
/home/DATA/DATN/ros_ws/install/my_package/lib/python3.12/site-packages/my_package/__pycache__/controlRobot.cpython-312.pyc
/home/DATA/DATN/ros_ws/install/my_package/lib/python3.12/site-packages/my_package/__pycache__/testVideo.cpython-312.pyc
/home/DATA/DATN/ros_ws/install/my_package/lib/python3.12/site-packages/my_package/__pycache__/convertJSON.cpython-312.pyc
/home/DATA/DATN/ros_ws/install/my_package/share/ament_index/resource_index/packages/my_package
/home/DATA/DATN/ros_ws/install/my_package/share/my_package/package.xml
/home/DATA/DATN/ros_ws/install/my_package/lib/python3.12/site-packages/my_package-0.0.0-py3.12.egg-info/requires.txt
/home/DATA/DATN/ros_ws/install/my_package/lib/python3.12/site-packages/my_package-0.0.0-py3.12.egg-info/dependency_links.txt
/home/DATA/DATN/ros_ws/install/my_package/lib/python3.12/site-packages/my_package-0.0.0-py3.12.egg-info/zip-safe
/home/DATA/DATN/ros_ws/install/my_package/lib/python3.12/site-packages/my_package-0.0.0-py3.12.egg-info/entry_points.txt
/home/DATA/DATN/ros_ws/install/my_package/lib/python3.12/site-packages/my_package-0.0.0-py3.12.egg-info/SOURCES.txt
/home/DATA/DATN/ros_ws/install/my_package/lib/python3.12/site-packages/my_package-0.0.0-py3.12.egg-info/PKG-INFO
/home/DATA/DATN/ros_ws/install/my_package/lib/python3.12/site-packages/my_package-0.0.0-py3.12.egg-info/top_level.txt
/home/DATA/DATN/ros_ws/install/my_package/lib/my_package/convert
/home/DATA/DATN/ros_ws/install/my_package/lib/my_package/mapSend
/home/DATA/DATN/ros_ws/install/my_package/lib/my_package/test
/home/DATA/DATN/ros_ws/install/my_package/lib/my_package/video
