[3.601s] Invoking command in '/home/DATA/DATN/ros_ws/src/my_package': DEBUGINFOD_URLS=https://debuginfod.ubuntu.com PYTHONPATH=/home/DATA/DATN/ros_ws/build/my_package/prefix_override:/usr/lib/python3/dist-packages/colcon_core/task/python/colcon_distutils_commands:/home/DATA/DATN/ros_ws/install/my_package/lib/python3.12/site-packages:${PYTHONPATH} /usr/bin/python3 -W ignore:setup.py install is deprecated setup.py egg_info --egg-base ../../build/my_package build --build-base /home/DATA/DATN/ros_ws/build/my_package/build install --record /home/DATA/DATN/ros_ws/build/my_package/install.log --single-version-externally-managed install_data
[4.799s] running egg_info
[4.893s] writing ../../build/my_package/my_package.egg-info/PKG-INFO
[4.893s] writing dependency_links to ../../build/my_package/my_package.egg-info/dependency_links.txt
[4.893s] writing entry points to ../../build/my_package/my_package.egg-info/entry_points.txt
[4.894s] writing requirements to ../../build/my_package/my_package.egg-info/requires.txt
[4.894s] writing top-level names to ../../build/my_package/my_package.egg-info/top_level.txt
[5.076s] reading manifest file '../../build/my_package/my_package.egg-info/SOURCES.txt'
[5.079s] writing manifest file '../../build/my_package/my_package.egg-info/SOURCES.txt'
[5.081s] running build
[5.083s] running build_py
[5.083s] copying my_package/convertJSON.py -> /home/DATA/DATN/ros_ws/build/my_package/build/lib/my_package
[5.084s] running install
[5.108s] running install_lib
[5.186s] copying /home/DATA/DATN/ros_ws/build/my_package/build/lib/my_package/convertJSON.py -> /home/DATA/DATN/ros_ws/install/my_package/lib/python3.12/site-packages/my_package
[5.189s] byte-compiling /home/DATA/DATN/ros_ws/install/my_package/lib/python3.12/site-packages/my_package/convertJSON.py to convertJSON.cpython-312.pyc
[5.191s] running install_data
[5.191s] running install_egg_info
[5.265s] removing '/home/DATA/DATN/ros_ws/install/my_package/lib/python3.12/site-packages/my_package-0.0.0-py3.12.egg-info' (and everything under it)
[5.267s] Copying ../../build/my_package/my_package.egg-info to /home/DATA/DATN/ros_ws/install/my_package/lib/python3.12/site-packages/my_package-0.0.0-py3.12.egg-info
[5.269s] running install_scripts
[5.789s] Installing convert script to /home/DATA/DATN/ros_ws/install/my_package/lib/my_package
[5.789s] writing list of installed files to '/home/DATA/DATN/ros_ws/build/my_package/install.log'
[5.949s] Invoked command in '/home/DATA/DATN/ros_ws/src/my_package' returned '0': DEBUGINFOD_URLS=https://debuginfod.ubuntu.com PYTHONPATH=/home/DATA/DATN/ros_ws/build/my_package/prefix_override:/usr/lib/python3/dist-packages/colcon_core/task/python/colcon_distutils_commands:/home/DATA/DATN/ros_ws/install/my_package/lib/python3.12/site-packages:${PYTHONPATH} /usr/bin/python3 -W ignore:setup.py install is deprecated setup.py egg_info --egg-base ../../build/my_package build --build-base /home/DATA/DATN/ros_ws/build/my_package/build install --record /home/DATA/DATN/ros_ws/build/my_package/install.log --single-version-externally-managed install_data
