[1.242s] Invoking command in '/home/DATA/DATN/ros_ws/src/my_package': DEBUGINFOD_URLS=https://debuginfod.ubuntu.com PYTHONPATH=/home/DATA/DATN/ros_ws/build/my_package/prefix_override:/usr/lib/python3/dist-packages/colcon_core/task/python/colcon_distutils_commands:/home/DATA/DATN/ros_ws/install/my_package/lib/python3.12/site-packages:${PYTHONPATH} /usr/bin/python3 -W ignore:setup.py install is deprecated setup.py egg_info --egg-base ../../build/my_package build --build-base /home/DATA/DATN/ros_ws/build/my_package/build install --record /home/DATA/DATN/ros_ws/build/my_package/install.log --single-version-externally-managed install_data
[1.587s] running egg_info
[1.613s] writing ../../build/my_package/my_package.egg-info/PKG-INFO
[1.614s] writing dependency_links to ../../build/my_package/my_package.egg-info/dependency_links.txt
[1.615s] writing entry points to ../../build/my_package/my_package.egg-info/entry_points.txt
[1.615s] writing requirements to ../../build/my_package/my_package.egg-info/requires.txt
[1.615s] writing top-level names to ../../build/my_package/my_package.egg-info/top_level.txt
[1.669s] reading manifest file '../../build/my_package/my_package.egg-info/SOURCES.txt'
[1.670s] writing manifest file '../../build/my_package/my_package.egg-info/SOURCES.txt'
[1.670s] running build
[1.671s] running build_py
[1.671s] copying my_package/testVideo.py -> /home/DATA/DATN/ros_ws/build/my_package/build/lib/my_package
[1.671s] running install
[1.678s] running install_lib
[1.704s] copying /home/DATA/DATN/ros_ws/build/my_package/build/lib/my_package/testVideo.py -> /home/DATA/DATN/ros_ws/install/my_package/lib/python3.12/site-packages/my_package
[1.705s] byte-compiling /home/DATA/DATN/ros_ws/install/my_package/lib/python3.12/site-packages/my_package/testVideo.py to testVideo.cpython-312.pyc
[1.707s] running install_data
[1.707s] running install_egg_info
[1.736s] removing '/home/DATA/DATN/ros_ws/install/my_package/lib/python3.12/site-packages/my_package-0.0.0-py3.12.egg-info' (and everything under it)
[1.736s] Copying ../../build/my_package/my_package.egg-info to /home/DATA/DATN/ros_ws/install/my_package/lib/python3.12/site-packages/my_package-0.0.0-py3.12.egg-info
[1.737s] running install_scripts
[1.910s] Installing convert script to /home/DATA/DATN/ros_ws/install/my_package/lib/my_package
[1.910s] Installing video script to /home/DATA/DATN/ros_ws/install/my_package/lib/my_package
[1.911s] writing list of installed files to '/home/DATA/DATN/ros_ws/build/my_package/install.log'
[1.949s] Invoked command in '/home/DATA/DATN/ros_ws/src/my_package' returned '0': DEBUGINFOD_URLS=https://debuginfod.ubuntu.com PYTHONPATH=/home/DATA/DATN/ros_ws/build/my_package/prefix_override:/usr/lib/python3/dist-packages/colcon_core/task/python/colcon_distutils_commands:/home/DATA/DATN/ros_ws/install/my_package/lib/python3.12/site-packages:${PYTHONPATH} /usr/bin/python3 -W ignore:setup.py install is deprecated setup.py egg_info --egg-base ../../build/my_package build --build-base /home/DATA/DATN/ros_ws/build/my_package/build install --record /home/DATA/DATN/ros_ws/build/my_package/install.log --single-version-externally-managed install_data
